TN:
SF:src/app/checkpoints.ts
FNF:0
FNH:0
DA:11,4
LF:1
LH:1
BRF:0
BRH:0
end_of_record
TN:
SF:src/app/context.ts
FN:4,sha256
FN:8,canonicalJson
FNF:2
FNH:0
FNDA:0,sha256
FNDA:0,canonicalJson
DA:1,1
DA:2,1
DA:4,1
DA:5,0
DA:8,1
DA:9,0
LF:6
LH:4
BRF:0
BRH:0
end_of_record
TN:
SF:src/app/pipeline.ts
FN:30,letter
FN:46,version
FN:63,loadSpec
FN:69,sha256
FN:71,gradeContract
FN:90,(anonymous_6)
FN:106,(anonymous_7)
FN:130,(anonymous_8)
FN:131,(anonymous_9)
FN:133,(anonymous_10)
FN:135,(anonymous_11)
FN:141,(anonymous_12)
FN:145,(anonymous_13)
FN:178,(anonymous_14)
FN:179,(anonymous_15)
FN:196,(anonymous_16)
FN:209,(anonymous_17)
FN:254,(anonymous_18)
FN:293,stableSort
FN:294,(anonymous_20)
FN:295,(anonymous_21)
FN:308,gradeInline
FN:315,listCheckpoints
FN:317,registerOrIdentifyApi
FN:324,gradeAndRecord
FN:346,(anonymous_26)
FN:347,(anonymous_27)
FN:358,suggestFixes
FN:361,(anonymous_29)
FN:366,applyFixes
FN:368,(anonymous_31)
FN:372,explainFinding
FN:375,(anonymous_33)
FN:380,compareRuns
FN:394,topViolations
FNF:35
FNH:26
FNDA:10,letter
FNDA:21,version
FNDA:30,loadSpec
FNDA:31,sha256
FNDA:30,gradeContract
FNDA:10,(anonymous_6)
FNDA:10,(anonymous_7)
FNDA:2,(anonymous_8)
FNDA:17,(anonymous_9)
FNDA:2,(anonymous_10)
FNDA:4,(anonymous_11)
FNDA:0,(anonymous_12)
FNDA:0,(anonymous_13)
FNDA:1360,(anonymous_14)
FNDA:1708,(anonymous_15)
FNDA:531,(anonymous_16)
FNDA:0,(anonymous_17)
FNDA:0,(anonymous_18)
FNDA:17,stableSort
FNDA:2256,(anonymous_20)
FNDA:4512,(anonymous_21)
FNDA:2,gradeInline
FNDA:2,listCheckpoints
FNDA:2,registerOrIdentifyApi
FNDA:2,gradeAndRecord
FNDA:0,(anonymous_26)
FNDA:4,(anonymous_27)
FNDA:2,suggestFixes
FNDA:8,(anonymous_29)
FNDA:0,applyFixes
FNDA:0,(anonymous_31)
FNDA:3,explainFinding
FNDA:30,(anonymous_33)
FNDA:0,compareRuns
FNDA:0,topViolations
DA:1,4
DA:2,4
DA:3,4
DA:4,4
DA:5,4
DA:6,4
DA:7,4
DA:11,4
DA:12,4
DA:13,4
DA:14,4
DA:15,4
DA:16,4
DA:17,4
DA:18,4
DA:19,4
DA:20,4
DA:21,4
DA:24,4
DA:25,4
DA:26,4
DA:30,4
DA:31,10
DA:32,9
DA:33,8
DA:34,7
DA:35,6
DA:36,5
DA:37,4
DA:38,3
DA:39,1
DA:43,4
DA:44,4
DA:46,4
DA:47,21
DA:48,21
DA:64,30
DA:65,29
DA:66,29
DA:69,31
DA:71,4
DA:72,30
DA:73,30
DA:75,30
DA:76,30
DA:78,28
DA:79,28
DA:80,27
DA:83,27
DA:84,8
DA:85,8
DA:87,8
DA:89,8
DA:90,10
DA:99,8
DA:106,10
DA:111,8
DA:127,19
DA:128,19
DA:129,19
DA:130,19
DA:131,19
DA:133,19
DA:134,2
DA:135,4
DA:136,2
DA:139,17
DA:140,17
DA:141,17
DA:143,17
DA:144,17
DA:145,17
DA:151,17
DA:153,17
DA:154,17
DA:166,17
DA:167,17
DA:168,17
DA:169,17
DA:171,17
DA:172,153
DA:173,153
DA:175,153
DA:176,17
DA:178,1360
DA:179,1708
DA:180,68
DA:181,68
DA:182,68
DA:183,68
DA:186,153
DA:189,17
DA:190,17
DA:193,17
DA:194,17
DA:195,17
DA:196,531
DA:197,17
DA:200,0
DA:203,0
DA:206,0
DA:209,0
DA:218,0
DA:221,0
DA:222,0
DA:223,0
DA:231,0
DA:234,0
DA:235,0
DA:236,0
DA:243,0
DA:254,0
DA:268,0
DA:271,17
DA:273,17
DA:275,17
DA:294,17
DA:295,4512
DA:296,2256
DA:297,2256
DA:298,1960
DA:299,1694
DA:300,1548
DA:301,1270
DA:302,1189
DA:303,871
DA:304,64
DA:308,4
DA:309,2
DA:310,2
DA:311,2
DA:312,2
DA:315,4
DA:317,4
DA:319,2
DA:320,2
DA:321,2
DA:324,4
DA:325,2
DA:326,2
DA:327,2
DA:328,2
DA:329,2
DA:330,2
DA:331,2
DA:346,0
DA:347,4
DA:349,2
DA:353,4
DA:354,4
DA:356,4
DA:358,4
DA:359,2
DA:360,2
DA:361,2
DA:362,2
DA:363,2
DA:366,4
DA:367,0
DA:368,0
DA:369,0
DA:372,4
DA:374,3
DA:375,30
DA:376,3
DA:377,0
DA:380,4
DA:381,0
DA:382,0
DA:383,0
DA:384,0
DA:385,0
DA:386,0
DA:387,0
DA:394,4
DA:395,0
DA:396,0
LF:177
LH:148
BRDA:31,0,0,1
BRDA:31,0,1,9
BRDA:32,1,0,1
BRDA:32,1,1,8
BRDA:33,2,0,1
BRDA:33,2,1,7
BRDA:34,3,0,1
BRDA:34,3,1,6
BRDA:35,4,0,1
BRDA:35,4,1,5
BRDA:36,5,0,1
BRDA:36,5,1,4
BRDA:37,6,0,1
BRDA:37,6,1,3
BRDA:38,7,0,2
BRDA:38,7,1,1
BRDA:49,8,0,20
BRDA:49,8,1,1
BRDA:50,9,0,20
BRDA:50,9,1,1
BRDA:57,10,0,20
BRDA:57,10,1,1
BRDA:58,11,0,20
BRDA:58,11,1,1
BRDA:72,12,0,30
BRDA:72,12,1,28
BRDA:73,13,0,30
BRDA:73,13,1,10
BRDA:83,14,0,8
BRDA:83,14,1,19
BRDA:87,15,0,8
BRDA:87,15,1,0
BRDA:130,16,0,2
BRDA:130,16,1,0
BRDA:131,17,0,17
BRDA:131,17,1,0
BRDA:133,18,0,2
BRDA:133,18,1,17
BRDA:140,19,0,17
BRDA:140,19,1,1
BRDA:141,20,0,17
BRDA:141,20,1,0
BRDA:141,21,0,0
BRDA:141,21,1,0
BRDA:141,22,0,0
BRDA:141,22,1,0
BRDA:141,23,0,0
BRDA:141,23,1,0
BRDA:141,24,0,0
BRDA:141,24,1,0
BRDA:145,25,0,17
BRDA:145,25,1,0
BRDA:145,26,0,0
BRDA:145,26,1,0
BRDA:151,27,0,17
BRDA:151,27,1,0
BRDA:173,28,0,153
BRDA:173,28,1,0
BRDA:175,29,0,17
BRDA:175,29,1,136
BRDA:175,30,0,153
BRDA:175,30,1,17
BRDA:176,31,0,17
BRDA:176,31,1,0
BRDA:180,32,0,23
BRDA:180,32,1,45
BRDA:183,33,0,17
BRDA:183,33,1,51
BRDA:183,34,0,68
BRDA:183,34,1,23
BRDA:186,35,0,33
BRDA:186,35,1,120
BRDA:186,36,0,153
BRDA:186,36,1,51
BRDA:189,37,0,17
BRDA:189,37,1,0
BRDA:193,38,0,0
BRDA:193,38,1,17
BRDA:196,39,0,16
BRDA:196,39,1,1
BRDA:196,40,0,16
BRDA:196,40,1,1
BRDA:284,41,0,17
BRDA:284,41,1,0
BRDA:285,42,0,17
BRDA:285,42,1,0
BRDA:295,43,0,3482
BRDA:295,43,1,1030
BRDA:295,44,0,1030
BRDA:295,44,1,0
BRDA:297,45,0,296
BRDA:297,45,1,1960
BRDA:298,46,0,266
BRDA:298,46,1,1694
BRDA:298,47,0,1960
BRDA:298,47,1,0
BRDA:298,48,0,1960
BRDA:298,48,1,51
BRDA:299,49,0,146
BRDA:299,49,1,1548
BRDA:299,50,0,1694
BRDA:299,50,1,0
BRDA:299,51,0,1694
BRDA:299,51,1,51
BRDA:300,52,0,278
BRDA:300,52,1,1270
BRDA:301,53,0,81
BRDA:301,53,1,1189
BRDA:302,54,0,318
BRDA:302,54,1,871
BRDA:303,55,0,807
BRDA:303,55,1,64
BRDA:304,56,0,64
BRDA:304,56,1,64
BRDA:304,57,0,64
BRDA:304,57,1,64
BRDA:319,58,0,2
BRDA:319,58,1,2
BRDA:319,58,2,0
BRDA:319,58,3,0
BRDA:342,59,0,2
BRDA:342,59,1,0
BRDA:367,60,0,0
BRDA:367,61,0,0
BRDA:376,62,0,3
BRDA:376,62,1,0
BRDA:377,63,0,0
BRDA:377,63,1,0
BRDA:386,64,0,0
BRDA:386,64,1,0
BRDA:386,65,0,0
BRDA:386,65,1,0
BRDA:395,66,0,0
BRDA:395,66,1,0
BRF:134
BRH:95
end_of_record
TN:
SF:src/app/scoring.ts
FNF:0
FNH:0
DA:10,1
LF:1
LH:1
BRF:0
BRH:0
end_of_record
TN:
SF:src/app/analytics/trends.ts
FN:3,getTopViolations
FNF:1
FNH:0
FNDA:0,getTopViolations
DA:1,4
DA:3,4
DA:4,0
DA:5,0
DA:6,0
DA:7,0
DA:14,0
LF:7
LH:2
BRDA:3,0,0,0
BRF:1
BRH:0
end_of_record
TN:
SF:src/app/fixes/fixesEngine.ts
FN:20,sha
FN:22,generateFixes
FNF:2
FNH:2
FNDA:29,sha
FNDA:29,generateFixes
DA:2,5
DA:20,29
DA:22,5
DA:23,29
DA:24,29
DA:26,2
DA:28,2
DA:29,0
DA:49,2
DA:50,0
DA:68,2
DA:69,0
DA:87,2
DA:88,0
DA:110,2
DA:111,0
DA:135,2
LF:17
LH:12
BRDA:28,0,0,0
BRDA:28,0,1,2
BRDA:49,1,0,0
BRDA:49,1,1,2
BRDA:59,2,0,0
BRDA:59,2,1,0
BRDA:68,3,0,0
BRDA:68,3,1,2
BRDA:78,4,0,0
BRDA:78,4,1,0
BRDA:87,5,0,0
BRDA:87,5,1,2
BRDA:99,6,0,0
BRDA:99,6,1,0
BRDA:100,7,0,0
BRDA:100,7,1,0
BRDA:101,8,0,0
BRDA:101,8,1,0
BRDA:110,9,0,0
BRDA:110,9,1,2
BRF:20
BRH:5
end_of_record
TN:
SF:src/app/fixes/suggestFixes.ts
FN:1,suggestFixes
FNF:1
FNH:0
FNDA:0,suggestFixes
DA:1,0
DA:3,0
LF:2
LH:0
BRF:0
BRH:0
end_of_record
TN:
SF:src/app/io/templateLoader.ts
FN:4,loadTemplate
FN:12,(anonymous_11)
FN:13,(anonymous_12)
FNF:3
FNH:3
FNDA:30,loadTemplate
FNDA:28,(anonymous_11)
FNDA:51,(anonymous_12)
DA:1,4
DA:2,4
DA:4,4
DA:5,30
DA:6,28
DA:7,28
DA:9,28
DA:12,56
DA:13,51
DA:14,28
DA:15,28
DA:16,28
LF:12
LH:12
BRDA:9,0,0,23
BRDA:9,0,1,5
BRDA:15,1,0,23
BRDA:15,1,1,5
BRF:4
BRH:4
end_of_record
TN:
SF:src/app/io/yamlLoader.ts
FN:11,loadYaml
FNF:1
FNH:1
FNDA:1,loadYaml
DA:1,1
DA:2,1
DA:11,1
DA:12,1
DA:13,0
DA:14,0
LF:6
LH:4
BRF:0
BRH:0
end_of_record
TN:
SF:src/app/linters/examplesValidator.ts
FN:2,validateExamples
FNF:1
FNH:1
FNDA:17,validateExamples
DA:2,4
DA:4,17
LF:2
LH:2
BRF:0
BRH:0
end_of_record
TN:
SF:src/app/linters/openapiValidator.ts
FN:6,validateOpenAPI
FNF:1
FNH:1
FNDA:19,validateOpenAPI
DA:6,4
DA:7,19
DA:8,19
DA:11,19
DA:12,19
DA:13,2
DA:17,19
DA:18,19
DA:19,19
DA:21,19
LF:10
LH:10
BRDA:12,0,0,2
BRDA:12,0,1,17
BRDA:13,1,0,2
BRDA:13,1,1,0
BRDA:17,2,0,0
BRDA:17,2,1,19
BRDA:18,3,0,0
BRDA:18,3,1,19
BRDA:18,4,0,19
BRDA:18,4,1,19
BRDA:19,5,0,17
BRDA:19,5,1,2
BRF:12
BRH:9
end_of_record
TN:
SF:src/app/linters/spectralRunner.ts
FN:5,runSpectral
FN:7,(anonymous_10)
FN:8,(anonymous_11)
FN:25,(anonymous_12)
FNF:4
FNH:3
FNDA:17,runSpectral
FNDA:17,(anonymous_10)
FNDA:17,(anonymous_11)
FNDA:0,(anonymous_12)
DA:5,4
DA:6,17
DA:7,34
DA:8,34
DA:9,17
DA:10,17
DA:11,17
DA:13,17
DA:16,16
DA:17,0
DA:18,0
DA:20,1
DA:23,0
DA:24,0
DA:25,0
DA:27,17
LF:16
LH:11
BRDA:13,0,0,16
BRDA:13,0,1,1
BRDA:18,1,0,0
BRDA:18,1,1,0
BRDA:25,2,0,0
BRDA:25,2,1,0
BRDA:25,3,0,0
BRDA:25,3,1,0
BRF:8
BRH:2
end_of_record
TN:
SF:src/app/patching/applyPatches.ts
FN:10,sha
FN:12,getByPointer
FN:14,(anonymous_3)
FN:28,setByPointer
FN:29,(anonymous_5)
FN:50,removeByPointer
FN:51,(anonymous_7)
FN:71,applyJsonPatch
FN:99,applyUnifiedDiff
FN:105,(anonymous_10)
FN:106,(anonymous_11)
FN:120,(anonymous_12)
FN:132,escapeRegExp
FN:134,applyPatches
FNF:14
FNH:0
FNDA:0,sha
FNDA:0,getByPointer
FNDA:0,(anonymous_3)
FNDA:0,setByPointer
FNDA:0,(anonymous_5)
FNDA:0,removeByPointer
FNDA:0,(anonymous_7)
FNDA:0,applyJsonPatch
FNDA:0,applyUnifiedDiff
FNDA:0,(anonymous_10)
FNDA:0,(anonymous_11)
FNDA:0,(anonymous_12)
FNDA:0,escapeRegExp
FNDA:0,applyPatches
DA:1,4
DA:2,4
DA:10,0
DA:13,0
DA:14,0
DA:15,0
DA:16,0
DA:17,0
DA:18,0
DA:19,0
DA:20,0
DA:22,0
DA:25,0
DA:29,0
DA:30,0
DA:31,0
DA:32,0
DA:33,0
DA:34,0
DA:35,0
DA:37,0
DA:38,0
DA:41,0
DA:42,0
DA:43,0
DA:44,0
DA:46,0
DA:51,0
DA:52,0
DA:53,0
DA:54,0
DA:55,0
DA:56,0
DA:57,0
DA:59,0
DA:62,0
DA:63,0
DA:64,0
DA:65,0
DA:67,0
DA:72,0
DA:73,0
DA:74,0
DA:75,0
DA:76,0
DA:77,0
DA:78,0
DA:79,0
DA:80,0
DA:81,0
DA:82,0
DA:83,0
DA:84,0
DA:85,0
DA:86,0
DA:90,0
DA:100,0
DA:105,0
DA:106,0
DA:107,0
DA:109,0
DA:110,0
DA:111,0
DA:112,0
DA:113,0
DA:114,0
DA:115,0
DA:118,0
DA:119,0
DA:120,0
DA:123,0
DA:127,0
DA:129,0
DA:132,0
DA:134,4
DA:135,0
DA:136,0
DA:137,0
DA:138,0
DA:139,0
DA:143,0
DA:144,0
DA:145,0
DA:147,0
DA:148,0
DA:150,0
DA:152,0
DA:153,0
DA:154,0
DA:155,0
DA:156,0
DA:157,0
DA:159,0
DA:161,0
DA:165,0
DA:166,0
DA:167,0
DA:169,0
LF:98
LH:3
BRDA:13,0,0,0
BRDA:13,0,1,0
BRDA:13,1,0,0
BRDA:13,1,1,0
BRDA:17,2,0,0
BRDA:17,2,1,0
BRDA:18,3,0,0
BRDA:18,3,1,0
BRDA:19,4,0,0
BRDA:19,4,1,0
BRDA:33,5,0,0
BRDA:33,5,1,0
BRDA:34,6,0,0
BRDA:34,6,1,0
BRDA:37,7,0,0
BRDA:37,7,1,0
BRDA:42,8,0,0
BRDA:42,8,1,0
BRDA:43,9,0,0
BRDA:43,9,1,0
BRDA:55,10,0,0
BRDA:55,10,1,0
BRDA:56,11,0,0
BRDA:56,11,1,0
BRDA:63,12,0,0
BRDA:63,12,1,0
BRDA:64,13,0,0
BRDA:64,13,1,0
BRDA:73,14,0,0
BRDA:73,14,1,0
BRDA:75,15,0,0
BRDA:75,15,1,0
BRDA:77,16,0,0
BRDA:77,16,1,0
BRDA:79,17,0,0
BRDA:79,17,1,0
BRDA:80,18,0,0
BRDA:80,18,1,0
BRDA:82,19,0,0
BRDA:82,19,1,0
BRDA:83,20,0,0
BRDA:83,20,1,0
BRDA:84,21,0,0
BRDA:84,21,1,0
BRDA:86,22,0,0
BRDA:86,22,1,0
BRDA:109,23,0,0
BRDA:109,23,1,0
BRDA:109,24,0,0
BRDA:109,24,1,0
BRDA:113,25,0,0
BRDA:113,25,1,0
BRDA:113,26,0,0
BRDA:113,26,1,0
BRDA:114,27,0,0
BRDA:114,27,1,0
BRDA:119,28,0,0
BRDA:119,28,1,0
BRDA:134,29,0,0
BRDA:134,30,0,0
BRDA:138,31,0,0
BRDA:138,31,1,0
BRDA:138,32,0,0
BRDA:138,32,1,0
BRDA:145,33,0,0
BRDA:145,33,1,0
BRDA:148,34,0,0
BRDA:148,34,1,0
BRDA:155,35,0,0
BRDA:155,35,1,0
BRDA:157,36,0,0
BRDA:157,36,1,0
BRDA:165,37,0,0
BRDA:165,37,1,0
BRDA:165,38,0,0
BRDA:165,38,1,0
BRDA:166,39,0,0
BRDA:166,39,1,0
BRDA:169,40,0,0
BRDA:169,40,1,0
BRF:80
BRH:0
end_of_record
TN:
SF:src/app/semantic/async.ts
FN:1,checkAsync
FNF:1
FNH:1
FNDA:46,checkAsync
DA:1,46
LF:1
LH:1
BRF:0
BRH:0
end_of_record
TN:
SF:src/app/semantic/caching.ts
FN:1,checkCaching
FNF:1
FNH:1
FNDA:17,checkCaching
DA:1,17
LF:1
LH:1
BRF:0
BRH:0
end_of_record
TN:
SF:src/app/semantic/comprehensive.ts
FN:13,resolveRef
FN:25,resolveEffectiveParams
FN:64,getApiId
FN:72,opEntries
FN:86,checkComprehensive
FN:136,(anonymous_6)
FN:151,(anonymous_7)
FN:168,(anonymous_8)
FN:424,(anonymous_9)
FN:425,(anonymous_10)
FN:426,(anonymous_11)
FNF:11
FNH:11
FNDA:42,resolveRef
FNDA:193,resolveEffectiveParams
FNDA:17,getApiId
FNDA:51,opEntries
FNDA:17,checkComprehensive
FNDA:72,(anonymous_6)
FNDA:76,(anonymous_7)
FNDA:456,(anonymous_8)
FNDA:6,(anonymous_9)
FNDA:8,(anonymous_10)
FNDA:8,(anonymous_11)
DA:1,4
DA:14,42
DA:15,42
DA:16,42
DA:17,42
DA:18,126
DA:19,126
DA:21,42
DA:26,193
DA:27,193
DA:30,193
DA:33,193
DA:34,10
DA:35,8
DA:36,8
DA:37,8
DA:38,8
DA:41,2
DA:42,2
DA:47,193
DA:48,74
DA:49,8
DA:50,8
DA:51,8
DA:52,8
DA:55,66
DA:56,66
DA:60,193
DA:65,17
DA:66,17
DA:67,17
DA:68,17
DA:73,51
DA:74,51
DA:75,51
DA:76,204
DA:77,204
DA:78,1428
DA:79,387
DA:83,51
DA:86,4
DA:87,17
DA:88,17
DA:89,17
DA:90,17
DA:93,17
DA:96,17
DA:97,0
DA:104,0
DA:106,17
DA:110,17
DA:111,17
DA:119,17
DA:120,0
DA:129,17
DA:130,17
DA:132,17
DA:133,129
DA:136,129
DA:137,72
DA:139,129
DA:140,64
DA:141,64
DA:151,129
DA:152,76
DA:154,129
DA:155,129
DA:156,129
DA:166,129
DA:167,129
DA:168,774
DA:169,1
DA:176,1
DA:181,129
DA:182,129
DA:183,168
DA:184,168
DA:185,38
DA:188,38
DA:189,20
DA:192,38
DA:195,38
DA:196,38
DA:206,38
DA:207,4
DA:208,4
DA:210,4
DA:211,0
DA:212,0
DA:213,0
DA:214,0
DA:215,0
DA:216,0
DA:221,4
DA:222,4
DA:233,38
DA:234,0
DA:235,0
DA:237,0
DA:238,0
DA:239,0
DA:240,0
DA:241,0
DA:242,0
DA:243,0
DA:248,0
DA:249,0
DA:261,168
DA:262,0
DA:263,0
DA:264,0
DA:267,0
DA:268,0
DA:269,0
DA:271,0
DA:272,0
DA:273,0
DA:275,0
DA:276,0
DA:277,0
DA:278,0
DA:279,0
DA:284,0
DA:285,0
DA:294,0
DA:295,0
DA:307,168
DA:308,129
DA:309,129
DA:310,0
DA:313,129
DA:314,129
DA:316,129
DA:317,12
DA:318,12
DA:319,12
DA:320,6
DA:324,12
DA:330,12
DA:333,12
DA:336,12
DA:337,12
DA:340,12
DA:341,6
DA:355,17
DA:356,14
DA:358,3
DA:361,17
DA:362,16
DA:364,1
DA:368,17
DA:370,17
DA:371,4
DA:372,4
DA:373,0
DA:381,13
DA:391,17
DA:392,17
DA:393,68
DA:394,2
DA:395,2
DA:405,17
DA:406,2
DA:408,15
DA:412,17
DA:413,17
DA:415,17
DA:416,129
DA:417,64
DA:421,17
DA:422,64
DA:424,64
DA:425,64
DA:426,64
DA:428,64
DA:429,64
DA:430,64
DA:440,17
DA:441,15
DA:443,2
DA:447,17
DA:456,17
DA:463,17
DA:465,17
DA:468,68
DA:479,68
DA:486,68
DA:487,68
DA:488,476
DA:489,476
DA:491,0
DA:492,0
DA:493,0
DA:494,0
DA:495,0
DA:496,0
DA:500,0
DA:501,0
DA:502,0
DA:507,68
DA:508,0
DA:515,0
DA:520,17
DA:521,2
DA:523,15
DA:532,17
DA:533,2
DA:535,15
DA:545,17
DA:546,17
DA:547,129
DA:548,129
DA:549,168
DA:550,168
DA:551,129
DA:552,129
DA:553,0
DA:556,129
DA:557,129
DA:559,129
DA:562,0
DA:563,0
DA:567,129
DA:570,17
DA:571,17
DA:583,17
DA:585,17
DA:588,17
DA:590,17
DA:593,17
DA:595,17
DA:598,17
DA:599,17
DA:601,17
LF:234
LH:180
BRDA:14,0,0,0
BRDA:14,0,1,42
BRDA:14,1,0,42
BRDA:14,1,1,42
BRDA:18,2,0,0
BRDA:18,2,1,126
BRDA:18,3,0,126
BRDA:18,3,1,126
BRDA:26,4,0,193
BRDA:26,4,1,185
BRDA:27,5,0,193
BRDA:27,5,1,125
BRDA:34,6,0,8
BRDA:34,6,1,2
BRDA:36,7,0,8
BRDA:36,7,1,0
BRDA:48,8,0,8
BRDA:48,8,1,66
BRDA:50,9,0,8
BRDA:50,9,1,0
BRDA:65,10,0,0
BRDA:65,10,1,17
BRDA:66,11,0,17
BRDA:66,11,1,0
BRDA:67,12,0,17
BRDA:67,12,1,0
BRDA:74,13,0,0
BRDA:74,13,1,51
BRDA:76,14,0,204
BRDA:76,14,1,0
BRDA:78,15,0,387
BRDA:78,15,1,1041
BRDA:96,16,0,0
BRDA:96,16,1,17
BRDA:110,17,0,0
BRDA:110,17,1,17
BRDA:119,18,0,17
BRDA:119,18,1,0
BRDA:137,19,0,72
BRDA:137,19,1,65
BRDA:139,20,0,64
BRDA:139,20,1,65
BRDA:152,21,0,76
BRDA:152,21,1,65
BRDA:154,22,0,129
BRDA:154,22,1,0
BRDA:168,23,0,1
BRDA:168,23,1,773
BRDA:168,24,0,456
BRDA:168,24,1,30
BRDA:181,25,0,129
BRDA:181,25,1,0
BRDA:184,26,0,38
BRDA:184,26,1,130
BRDA:184,27,0,168
BRDA:184,27,1,38
BRDA:188,28,0,20
BRDA:188,28,1,18
BRDA:188,29,0,38
BRDA:188,29,1,38
BRDA:188,29,2,38
BRDA:192,30,0,38
BRDA:192,30,1,38
BRDA:195,31,0,38
BRDA:195,31,1,0
BRDA:206,32,0,4
BRDA:206,32,1,34
BRDA:207,33,0,4
BRDA:207,33,1,4
BRDA:211,34,0,0
BRDA:211,34,1,0
BRDA:213,35,0,0
BRDA:213,35,1,0
BRDA:213,36,0,0
BRDA:213,36,1,0
BRDA:213,36,2,0
BRDA:215,37,0,0
BRDA:215,37,1,0
BRDA:215,38,0,0
BRDA:215,38,1,0
BRDA:221,39,0,4
BRDA:221,39,1,0
BRDA:233,40,0,0
BRDA:233,40,1,38
BRDA:233,41,0,38
BRDA:233,41,1,38
BRDA:234,42,0,0
BRDA:234,42,1,0
BRDA:238,43,0,0
BRDA:238,43,1,0
BRDA:240,44,0,0
BRDA:240,44,1,0
BRDA:240,45,0,0
BRDA:240,45,1,0
BRDA:240,45,2,0
BRDA:242,46,0,0
BRDA:242,46,1,0
BRDA:242,47,0,0
BRDA:242,47,1,0
BRDA:248,48,0,0
BRDA:248,48,1,0
BRDA:261,49,0,0
BRDA:261,49,1,168
BRDA:263,50,0,0
BRDA:263,50,1,0
BRDA:263,51,0,0
BRDA:263,51,1,0
BRDA:263,51,2,0
BRDA:267,52,0,0
BRDA:267,52,1,0
BRDA:272,53,0,0
BRDA:272,53,1,0
BRDA:273,54,0,0
BRDA:273,54,1,0
BRDA:275,55,0,0
BRDA:275,55,1,0
BRDA:275,56,0,0
BRDA:275,56,1,0
BRDA:275,56,2,0
BRDA:277,57,0,0
BRDA:277,57,1,0
BRDA:278,58,0,0
BRDA:278,58,1,0
BRDA:279,59,0,0
BRDA:279,59,1,0
BRDA:284,60,0,0
BRDA:284,60,1,0
BRDA:294,61,0,0
BRDA:294,61,1,0
BRDA:307,62,0,129
BRDA:307,62,1,39
BRDA:307,63,0,168
BRDA:307,63,1,167
BRDA:309,64,0,0
BRDA:309,64,1,129
BRDA:309,65,0,129
BRDA:309,65,1,129
BRDA:309,65,2,129
BRDA:316,66,0,12
BRDA:316,66,1,117
BRDA:319,67,0,6
BRDA:319,67,1,6
BRDA:324,68,0,12
BRDA:324,68,1,6
BRDA:324,68,2,6
BRDA:330,69,0,12
BRDA:330,69,1,12
BRDA:336,70,0,12
BRDA:336,70,1,0
BRDA:336,71,0,12
BRDA:336,71,1,12
BRDA:336,71,2,12
BRDA:337,72,0,12
BRDA:337,72,1,6
BRDA:340,73,0,6
BRDA:340,73,1,6
BRDA:355,74,0,14
BRDA:355,74,1,3
BRDA:361,75,0,16
BRDA:361,75,1,1
BRDA:368,76,0,17
BRDA:368,76,1,3
BRDA:370,77,0,4
BRDA:370,77,1,13
BRDA:372,78,0,4
BRDA:372,78,1,0
BRDA:372,79,0,4
BRDA:372,79,1,4
BRDA:392,80,0,17
BRDA:392,80,1,0
BRDA:393,81,0,2
BRDA:393,81,1,66
BRDA:405,82,0,2
BRDA:405,82,1,15
BRDA:416,83,0,64
BRDA:416,83,1,65
BRDA:416,84,0,129
BRDA:416,84,1,67
BRDA:424,85,0,6
BRDA:424,85,1,2
BRDA:425,86,0,8
BRDA:425,86,1,0
BRDA:426,87,0,8
BRDA:426,87,1,2
BRDA:428,88,0,64
BRDA:428,88,1,0
BRDA:428,89,0,64
BRDA:428,89,1,2
BRDA:428,89,2,0
BRDA:440,90,0,15
BRDA:440,90,1,2
BRDA:489,91,0,0
BRDA:489,91,1,476
BRDA:494,92,0,0
BRDA:494,92,1,0
BRDA:500,93,0,0
BRDA:500,93,1,0
BRDA:507,94,0,0
BRDA:507,94,1,68
BRDA:520,95,0,2
BRDA:520,95,1,15
BRDA:520,96,0,17
BRDA:520,96,1,2
BRDA:532,97,0,2
BRDA:532,97,1,15
BRDA:532,98,0,17
BRDA:532,98,1,2
BRDA:547,99,0,129
BRDA:547,99,1,0
BRDA:550,100,0,129
BRDA:550,100,1,39
BRDA:550,101,0,168
BRDA:550,101,1,167
BRDA:552,102,0,0
BRDA:552,102,1,129
BRDA:552,103,0,129
BRDA:552,103,1,129
BRDA:552,103,2,129
BRDA:556,104,0,129
BRDA:556,104,1,127
BRDA:559,105,0,0
BRDA:559,105,1,129
BRDA:559,106,0,129
BRDA:559,106,1,0
BRDA:559,106,2,0
BRDA:567,107,0,0
BRDA:567,107,1,129
BRDA:570,108,0,0
BRDA:570,108,1,17
BRDA:583,109,0,17
BRDA:583,109,1,2
BRDA:585,110,0,0
BRDA:585,110,1,17
BRDA:588,111,0,17
BRDA:588,111,1,0
BRDA:590,112,0,0
BRDA:590,112,1,17
BRDA:593,113,0,17
BRDA:593,113,1,17
BRDA:593,113,2,17
BRDA:593,113,3,17
BRDA:595,114,0,0
BRDA:595,114,1,17
BRF:243
BRH:149
end_of_record
TN:
SF:src/app/semantic/envelope.ts
FN:1,checkEnvelope
FNF:1
FNH:1
FNDA:17,checkEnvelope
DA:1,17
LF:1
LH:1
BRF:0
BRH:0
end_of_record
TN:
SF:src/app/semantic/extensions.ts
FN:1,checkExtensions
FNF:1
FNH:1
FNDA:17,checkExtensions
DA:1,17
LF:1
LH:1
BRF:0
BRH:0
end_of_record
TN:
SF:src/app/semantic/http.ts
FN:1,checkHttp
FNF:1
FNH:0
FNDA:0,checkHttp
DA:1,0
LF:1
LH:0
BRF:0
BRH:0
end_of_record
TN:
SF:src/app/semantic/http_semantics.ts
FN:2,resolveRef
FN:13,checkHttpSemantics
FNF:2
FNH:2
FNDA:5,resolveRef
FNDA:26,checkHttpSemantics
DA:3,5
DA:4,5
DA:5,5
DA:6,5
DA:7,14
DA:8,13
DA:10,4
DA:13,1
DA:14,26
DA:15,26
DA:16,26
DA:17,26
DA:19,26
DA:20,25
DA:21,26
DA:22,26
DA:24,26
DA:25,17
DA:26,24
DA:27,24
DA:28,16
DA:29,16
DA:30,13
DA:36,26
DA:37,16
DA:38,16
DA:39,14
DA:43,26
DA:44,34
DA:45,34
DA:47,8
DA:48,8
DA:49,2
DA:52,8
DA:53,8
DA:54,4
DA:59,26
DA:60,34
DA:61,34
DA:63,26
DA:64,26
DA:65,2
DA:68,26
DA:69,26
DA:70,26
DA:71,78
DA:72,66
DA:78,26
DA:79,3
DA:81,3
DA:82,1
DA:85,3
DA:86,3
DA:87,1
DA:92,26
LF:55
LH:55
BRDA:3,0,0,0
BRDA:3,0,1,5
BRDA:3,1,0,5
BRDA:3,1,1,5
BRDA:7,2,0,1
BRDA:7,2,1,13
BRDA:7,3,0,14
BRDA:7,3,1,13
BRDA:15,4,0,26
BRDA:15,4,1,1
BRDA:22,5,0,26
BRDA:22,5,1,2
BRDA:24,6,0,17
BRDA:24,6,1,9
BRDA:27,7,0,16
BRDA:27,7,1,8
BRDA:27,8,0,24
BRDA:27,8,1,24
BRDA:27,8,2,24
BRDA:28,9,0,16
BRDA:28,9,1,10
BRDA:29,10,0,13
BRDA:29,10,1,3
BRDA:36,11,0,16
BRDA:36,11,1,10
BRDA:38,12,0,14
BRDA:38,12,1,2
BRDA:45,13,0,8
BRDA:45,13,1,26
BRDA:45,14,0,34
BRDA:45,14,1,34
BRDA:48,15,0,2
BRDA:48,15,1,6
BRDA:48,16,0,8
BRDA:48,16,1,8
BRDA:48,16,2,8
BRDA:52,17,0,8
BRDA:52,17,1,2
BRDA:53,18,0,4
BRDA:53,18,1,4
BRDA:61,19,0,26
BRDA:61,19,1,8
BRDA:61,20,0,34
BRDA:61,20,1,34
BRDA:64,21,0,2
BRDA:64,21,1,24
BRDA:64,22,0,26
BRDA:64,22,1,25
BRDA:64,22,2,25
BRDA:68,23,0,26
BRDA:68,23,1,16
BRDA:71,24,0,66
BRDA:71,24,1,12
BRDA:78,25,0,3
BRDA:78,25,1,23
BRDA:81,26,0,1
BRDA:81,26,1,2
BRDA:81,27,0,3
BRDA:81,27,1,3
BRDA:81,27,2,3
BRDA:85,28,0,3
BRDA:85,28,1,1
BRDA:86,29,0,1
BRDA:86,29,1,2
BRF:64
BRH:63
end_of_record
TN:
SF:src/app/semantic/i18n.ts
FN:1,checkI18n
FNF:1
FNH:1
FNDA:17,checkI18n
DA:1,17
LF:1
LH:1
BRF:0
BRH:0
end_of_record
TN:
SF:src/app/semantic/naming.ts
FN:1,checkNaming
FNF:1
FNH:1
FNDA:38,checkNaming
DA:1,5
DA:2,38
DA:3,38
DA:4,38
DA:5,1112
DA:6,518
DA:7,518
DA:10,38
DA:11,38
LF:9
LH:9
BRDA:4,0,0,38
BRDA:4,0,1,2
BRDA:5,1,0,518
BRDA:5,1,1,594
BRDA:10,2,0,28
BRDA:10,2,1,10
BRDA:11,3,0,28
BRDA:11,3,1,10
BRF:8
BRH:8
end_of_record
TN:
SF:src/app/semantic/pagination.ts
FN:3,opEntries
FN:15,hasParamRef
FN:17,(anonymous_2)
FN:20,hasQueryParam
FN:22,(anonymous_4)
FN:25,checkPagination
FNF:6
FNH:6
FNDA:38,opEntries
FNDA:740,hasParamRef
FNDA:146,(anonymous_2)
FNDA:728,hasQueryParam
FNDA:169,(anonymous_4)
FNDA:38,checkPagination
DA:4,38
DA:5,38
DA:6,37
DA:7,294
DA:8,294
DA:9,1176
DA:12,37
DA:16,740
DA:17,740
DA:21,728
DA:22,728
DA:25,5
DA:26,38
DA:27,38
DA:28,38
DA:29,38
DA:30,38
DA:31,38
DA:33,38
DA:34,353
DA:37,291
DA:38,291
DA:41,185
DA:42,185
DA:43,6
DA:44,6
DA:48,185
DA:49,185
DA:50,185
DA:51,185
DA:52,177
DA:53,177
DA:57,185
DA:58,185
DA:59,181
DA:60,181
DA:64,38
DA:65,38
DA:66,38
DA:68,38
DA:70,38
LF:41
LH:41
BRDA:5,0,0,1
BRDA:5,0,1,37
BRDA:7,1,0,294
BRDA:7,1,1,0
BRDA:9,2,0,353
BRDA:9,2,1,823
BRDA:16,3,0,740
BRDA:16,3,1,664
BRDA:17,4,0,146
BRDA:17,4,1,105
BRDA:21,5,0,728
BRDA:21,5,1,664
BRDA:22,6,0,169
BRDA:22,6,1,21
BRDA:34,7,0,62
BRDA:34,7,1,291
BRDA:38,8,0,106
BRDA:38,8,1,185
BRDA:41,9,0,185
BRDA:41,9,1,182
BRDA:41,9,2,181
BRDA:41,9,3,180
BRDA:42,10,0,6
BRDA:42,10,1,179
BRDA:51,11,0,177
BRDA:51,11,1,8
BRDA:51,12,0,185
BRDA:51,12,1,11
BRDA:51,12,2,8
BRDA:58,13,0,181
BRDA:58,13,1,4
BRDA:64,14,0,11
BRDA:64,14,1,27
BRDA:65,15,0,38
BRDA:65,15,1,0
BRDA:66,16,0,9
BRDA:66,16,1,29
BRDA:68,17,0,11
BRDA:68,17,1,27
BRF:39
BRH:37
end_of_record
TN:
SF:src/app/semantic/tenancy.ts
FN:4,resolveRef
FN:15,opEntries
FN:28,hasParamRef
FN:54,checkTenancy
FNF:4
FNH:4
FNDA:14,resolveRef
FNDA:20,opEntries
FNDA:48,hasParamRef
FNDA:20,checkTenancy
DA:5,14
DA:6,12
DA:7,12
DA:8,12
DA:9,34
DA:10,32
DA:12,10
DA:16,20
DA:17,20
DA:18,19
DA:19,21
DA:20,21
DA:21,147
DA:24,19
DA:30,48
DA:31,48
DA:32,20
DA:34,11
DA:35,5
DA:36,5
DA:41,39
DA:42,39
DA:43,17
DA:45,9
DA:46,9
DA:47,9
DA:51,31
DA:54,1
DA:55,20
DA:56,20
DA:57,20
DA:58,20
DA:60,20
DA:61,20
DA:63,24
DA:64,24
DA:65,14
DA:66,14
DA:69,24
DA:70,24
DA:71,17
DA:72,17
DA:77,20
DA:78,20
DA:79,11
DA:80,11
DA:82,20
DA:83,1
DA:84,1
DA:86,20
DA:87,1
DA:88,1
DA:92,20
DA:93,20
DA:94,20
DA:95,20
DA:96,20
DA:99,20
DA:101,20
LF:59
LH:59
BRDA:5,0,0,2
BRDA:5,0,1,12
BRDA:5,1,0,14
BRDA:5,1,1,14
BRDA:9,2,0,2
BRDA:9,2,1,32
BRDA:9,3,0,34
BRDA:9,3,1,32
BRDA:17,4,0,1
BRDA:17,4,1,19
BRDA:19,5,0,21
BRDA:19,5,1,0
BRDA:21,6,0,24
BRDA:21,6,1,123
BRDA:30,7,0,48
BRDA:30,7,1,32
BRDA:32,8,0,9
BRDA:32,8,1,11
BRDA:34,9,0,5
BRDA:34,9,1,6
BRDA:36,10,0,0
BRDA:36,10,1,5
BRDA:36,11,0,5
BRDA:36,11,1,5
BRDA:41,12,0,39
BRDA:41,12,1,26
BRDA:43,13,0,8
BRDA:43,13,1,9
BRDA:45,14,0,9
BRDA:45,14,1,0
BRDA:47,15,0,0
BRDA:47,15,1,9
BRDA:47,16,0,9
BRDA:47,16,1,5
BRDA:64,17,0,14
BRDA:64,17,1,10
BRDA:70,18,0,17
BRDA:70,18,1,7
BRDA:77,19,0,20
BRDA:77,19,1,11
BRDA:78,20,0,11
BRDA:78,20,1,9
BRDA:82,21,0,1
BRDA:82,21,1,19
BRDA:82,22,0,20
BRDA:82,22,1,3
BRDA:86,23,0,1
BRDA:86,23,1,19
BRDA:86,24,0,20
BRDA:86,24,1,3
BRDA:92,25,0,10
BRDA:92,25,1,10
BRDA:93,26,0,7
BRDA:93,26,1,13
BRDA:94,27,0,9
BRDA:94,27,1,11
BRDA:95,28,0,19
BRDA:95,28,1,1
BRDA:96,29,0,19
BRDA:96,29,1,1
BRDA:101,30,0,10
BRDA:101,30,1,10
BRF:62
BRH:58
end_of_record
TN:
SF:src/app/semantic/webhooks.ts
FN:1,checkWebhooks
FNF:1
FNH:1
FNDA:17,checkWebhooks
DA:1,17
LF:1
LH:1
BRF:0
BRH:0
end_of_record
TN:
SF:src/cli/index.ts
FN:8,(anonymous_0)
FN:9,(anonymous_1)
FN:10,(anonymous_2)
FNF:3
FNH:0
FNDA:0,(anonymous_0)
FNDA:0,(anonymous_1)
FNDA:0,(anonymous_2)
DA:2,0
DA:4,0
DA:5,0
DA:6,0
DA:8,0
DA:9,0
DA:10,0
LF:7
LH:0
BRDA:5,0,0,0
BRDA:5,0,1,0
BRF:2
BRH:0
end_of_record
TN:
SF:src/cli/pr-commenter.ts
FN:4,fmtRow
FN:6,main
FN:17,(anonymous_2)
FN:36,(anonymous_3)
FNF:4
FNH:0
FNDA:0,fmtRow
FNDA:0,main
FNDA:0,(anonymous_2)
FNDA:0,(anonymous_3)
DA:2,0
DA:4,0
DA:7,0
DA:8,0
DA:9,0
DA:11,0
DA:12,0
DA:13,0
DA:14,0
DA:16,0
DA:17,0
DA:18,0
DA:20,0
DA:33,0
DA:36,0
LF:15
LH:0
BRDA:4,0,0,0
BRDA:4,0,1,0
BRDA:8,1,0,0
BRDA:8,1,1,0
BRDA:9,2,0,0
BRDA:9,2,1,0
BRDA:18,3,0,0
BRDA:18,3,1,0
BRDA:23,4,0,0
BRDA:23,4,1,0
BRDA:23,5,0,0
BRDA:23,5,1,0
BRDA:23,6,0,0
BRDA:23,6,1,0
BRDA:25,7,0,0
BRDA:25,7,1,0
BRF:16
BRH:0
end_of_record
TN:
SF:src/mcp/auth.ts
FN:22,initializeApiKeys
FN:38,(anonymous_2)
FN:41,(anonymous_3)
FN:92,authenticateRequest
FN:156,generateApiKey
FN:163,revokeApiKey
FN:168,listTeamKeys
FN:170,(anonymous_8)
FN:180,getApiKeys
FNF:9
FNH:9
FNDA:48,initializeApiKeys
FNDA:3107,(anonymous_2)
FNDA:75,(anonymous_3)
FNDA:258,authenticateRequest
FNDA:8,generateApiKey
FNDA:1,revokeApiKey
FNDA:1,listTeamKeys
FNDA:1,(anonymous_8)
FNDA:67,getApiKeys
DA:2,3
DA:19,3
DA:22,3
DA:25,48
DA:26,2
DA:27,2
DA:31,2
DA:32,2
DA:36,46
DA:37,46
DA:38,3107
DA:39,46
DA:40,46
DA:41,45
DA:43,75
DA:44,1
DA:49,74
DA:54,75
DA:56,45
DA:58,1
DA:59,1
DA:62,1
DA:63,1
DA:64,1
DA:68,1
DA:69,1
DA:75,46
DA:76,0
DA:77,0
DA:88,3
DA:89,3
DA:90,3
DA:92,3
DA:93,258
DA:94,258
DA:95,258
DA:97,258
DA:98,258
DA:99,9
DA:102,249
DA:103,249
DA:104,249
DA:105,249
DA:106,249
DA:107,409
DA:111,249
DA:112,249
DA:113,12
DA:114,12
DA:118,237
DA:119,237
DA:121,237
DA:122,226
DA:123,225
DA:124,0
DA:125,0
DA:126,0
DA:131,225
DA:134,1
DA:135,1
DA:139,11
DA:146,237
DA:152,237
DA:156,3
DA:157,8
DA:158,1
DA:159,1
DA:163,3
DA:164,1
DA:168,3
DA:169,1
DA:170,1
DA:171,1
DA:173,1
DA:176,1
DA:180,3
DA:181,67
LF:77
LH:72
BRDA:25,0,0,2
BRDA:25,0,1,46
BRDA:25,1,0,48
BRDA:25,1,1,46
BRDA:36,2,0,46
BRDA:36,2,1,0
BRDA:36,2,2,0
BRDA:36,2,3,0
BRDA:43,3,0,1
BRDA:43,3,1,74
BRDA:50,4,0,74
BRDA:50,4,1,0
BRDA:51,5,0,74
BRDA:51,5,1,0
BRDA:58,6,0,1
BRDA:58,6,1,0
BRDA:62,7,0,1
BRDA:62,7,1,0
BRDA:68,8,0,1
BRDA:68,8,1,0
BRDA:75,9,0,0
BRDA:75,9,1,46
BRDA:75,10,0,46
BRDA:75,10,1,0
BRDA:89,11,0,3
BRDA:89,11,1,3
BRDA:98,12,0,9
BRDA:98,12,1,249
BRDA:98,13,0,258
BRDA:98,13,1,253
BRDA:112,14,0,12
BRDA:112,14,1,237
BRDA:121,15,0,226
BRDA:121,15,1,11
BRDA:122,16,0,225
BRDA:122,16,1,1
BRDA:123,17,0,0
BRDA:123,17,1,225
BRDA:171,18,0,1
BRDA:171,18,1,0
BRF:40
BRH:28
end_of_record
TN:
SF:src/mcp/schemas.ts
FNF:0
FNH:0
DA:1,0
DA:3,0
DA:16,0
DA:24,0
DA:31,0
DA:38,0
DA:45,0
DA:51,0
DA:56,0
DA:61,0
DA:67,0
DA:91,0
DA:95,0
LF:13
LH:0
BRF:0
BRH:0
end_of_record
TN:
SF:src/mcp/server-sse-direct.ts
FN:22,(anonymous_10)
FN:27,(anonymous_11)
FN:29,(anonymous_12)
FN:30,(anonymous_13)
FN:42,(anonymous_14)
FN:55,sendSSE
FN:63,(anonymous_16)
FN:77,(anonymous_17)
FN:99,(anonymous_18)
FN:110,(anonymous_19)
FN:136,(anonymous_20)
FN:151,(anonymous_21)
FN:160,handleMCPMessage
FN:183,(anonymous_23)
FN:243,(anonymous_24)
FNF:15
FNH:0
FNDA:0,(anonymous_10)
FNDA:0,(anonymous_11)
FNDA:0,(anonymous_12)
FNDA:0,(anonymous_13)
FNDA:0,(anonymous_14)
FNDA:0,sendSSE
FNDA:0,(anonymous_16)
FNDA:0,(anonymous_17)
FNDA:0,(anonymous_18)
FNDA:0,(anonymous_19)
FNDA:0,(anonymous_20)
FNDA:0,(anonymous_21)
FNDA:0,handleMCPMessage
FNDA:0,(anonymous_23)
FNDA:0,(anonymous_24)
DA:1,0
DA:2,0
DA:4,0
DA:5,0
DA:6,0
DA:9,0
DA:11,0
DA:14,0
DA:22,0
DA:23,0
DA:27,0
DA:28,0
DA:29,0
DA:31,0
DA:32,0
DA:34,0
DA:42,0
DA:44,0
DA:52,0
DA:56,0
DA:60,0
DA:64,0
DA:65,0
DA:74,0
DA:78,0
DA:79,0
DA:88,0
DA:100,0
DA:103,0
DA:104,0
DA:105,0
DA:107,0
DA:110,0
DA:112,0
DA:119,0
DA:134,0
DA:136,0
DA:137,0
DA:140,0
DA:141,0
DA:142,0
DA:145,0
DA:151,0
DA:152,0
DA:156,0
DA:161,0
DA:163,0
DA:164,0
DA:166,0
DA:180,0
DA:183,0
DA:189,0
DA:194,0
DA:197,0
DA:198,0
DA:200,0
DA:201,0
DA:209,0
DA:212,0
DA:213,0
DA:218,0
DA:221,0
DA:231,0
DA:242,0
DA:243,0
DA:244,0
DA:245,0
DA:246,0
LF:68
LH:0
BRDA:15,0,0,0
BRDA:15,0,1,0
BRDA:29,1,0,0
BRDA:29,1,1,0
BRDA:31,2,0,0
BRDA:31,2,1,0
BRDA:103,3,0,0
BRDA:103,3,1,0
BRDA:164,4,0,0
BRDA:164,4,1,0
BRDA:164,4,2,0
BRDA:164,4,3,0
BRDA:200,5,0,0
BRDA:200,5,1,0
BRDA:242,6,0,0
BRDA:242,6,1,0
BRF:16
BRH:0
end_of_record
TN:
SF:src/mcp/server-sse-simple.ts
FN:11,genId
FN:22,(anonymous_11)
FN:27,checkAuth
FN:33,(anonymous_13)
FN:43,(anonymous_14)
FN:49,(anonymous_15)
FN:63,(anonymous_16)
FN:80,(anonymous_17)
FN:120,handleMcpMessage
FN:178,(anonymous_19)
FN:195,(anonymous_20)
FNF:11
FNH:0
FNDA:0,genId
FNDA:0,(anonymous_11)
FNDA:0,checkAuth
FNDA:0,(anonymous_13)
FNDA:0,(anonymous_14)
FNDA:0,(anonymous_15)
FNDA:0,(anonymous_16)
FNDA:0,(anonymous_17)
FNDA:0,handleMcpMessage
FNDA:0,(anonymous_19)
FNDA:0,(anonymous_20)
DA:1,0
DA:2,0
DA:3,0
DA:5,0
DA:6,0
DA:9,0
DA:10,0
DA:11,0
DA:14,0
DA:22,0
DA:23,0
DA:28,0
DA:29,0
DA:33,0
DA:34,0
DA:35,0
DA:41,0
DA:42,0
DA:43,0
DA:45,0
DA:47,0
DA:48,0
DA:49,0
DA:50,0
DA:51,0
DA:52,0
DA:53,0
DA:56,0
DA:57,0
DA:58,0
DA:59,0
DA:63,0
DA:64,0
DA:65,0
DA:66,0
DA:67,0
DA:68,0
DA:69,0
DA:70,0
DA:71,0
DA:72,0
DA:74,0
DA:75,0
DA:80,0
DA:82,0
DA:83,0
DA:84,0
DA:85,0
DA:87,0
DA:88,0
DA:89,0
DA:90,0
DA:91,0
DA:93,0
DA:94,0
DA:98,0
DA:99,0
DA:105,0
DA:106,0
DA:107,0
DA:108,0
DA:109,0
DA:111,0
DA:112,0
DA:114,0
DA:115,0
DA:116,0
DA:121,0
DA:123,0
DA:125,0
DA:134,0
DA:136,0
DA:153,0
DA:155,0
DA:156,0
DA:157,0
DA:159,0
DA:162,0
DA:164,0
DA:167,0
DA:169,0
DA:171,0
DA:172,0
DA:173,0
DA:175,0
DA:177,0
DA:178,0
DA:179,0
DA:181,0
DA:183,0
DA:185,0
DA:187,0
DA:189,0
DA:191,0
DA:195,0
DA:196,0
DA:197,0
DA:198,0
LF:98
LH:0
BRDA:6,0,0,0
BRDA:6,0,1,0
BRDA:34,1,0,0
BRDA:34,1,1,0
BRDA:42,2,0,0
BRDA:42,2,1,0
BRDA:48,3,0,0
BRDA:48,3,1,0
BRDA:53,4,0,0
BRDA:53,4,1,0
BRDA:53,5,0,0
BRDA:53,5,1,0
BRDA:64,6,0,0
BRDA:64,6,1,0
BRDA:65,7,0,0
BRDA:65,7,1,0
BRDA:67,8,0,0
BRDA:67,8,1,0
BRDA:69,9,0,0
BRDA:69,9,1,0
BRDA:74,10,0,0
BRDA:74,10,1,0
BRDA:82,11,0,0
BRDA:82,11,1,0
BRDA:83,12,0,0
BRDA:83,12,1,0
BRDA:84,13,0,0
BRDA:84,13,1,0
BRDA:85,14,0,0
BRDA:85,14,1,0
BRDA:88,15,0,0
BRDA:88,15,1,0
BRDA:93,16,0,0
BRDA:93,16,1,0
BRDA:107,17,0,0
BRDA:107,17,1,0
BRDA:123,18,0,0
BRDA:123,18,1,0
BRDA:123,18,2,0
BRDA:123,18,3,0
BRDA:156,19,0,0
BRDA:156,19,1,0
BRDA:157,20,0,0
BRDA:157,20,1,0
BRDA:157,20,2,0
BRDA:157,20,3,0
BRDA:171,21,0,0
BRDA:171,21,1,0
BRDA:177,22,0,0
BRDA:177,22,1,0
BRDA:177,22,2,0
BRF:51
BRH:0
end_of_record
TN:
SF:src/mcp/server-sse.ts
FN:25,(anonymous_10)
FN:30,(anonymous_11)
FN:41,progress
FN:49,(anonymous_13)
FN:62,(anonymous_14)
FN:79,(anonymous_15)
FN:124,(anonymous_16)
FN:158,(anonymous_17)
FN:202,(anonymous_18)
FN:229,(anonymous_19)
FN:272,(anonymous_20)
FN:303,trackUsage
FN:316,(anonymous_22)
FN:322,(anonymous_23)
FN:329,(anonymous_24)
FNF:15
FNH:0
FNDA:0,(anonymous_10)
FNDA:0,(anonymous_11)
FNDA:0,progress
FNDA:0,(anonymous_13)
FNDA:0,(anonymous_14)
FNDA:0,(anonymous_15)
FNDA:0,(anonymous_16)
FNDA:0,(anonymous_17)
FNDA:0,(anonymous_18)
FNDA:0,(anonymous_19)
FNDA:0,(anonymous_20)
FNDA:0,trackUsage
FNDA:0,(anonymous_22)
FNDA:0,(anonymous_23)
FNDA:0,(anonymous_24)
DA:1,0
DA:2,0
DA:3,0
DA:4,0
DA:5,0
DA:6,0
DA:7,0
DA:8,0
DA:9,0
DA:12,0
DA:14,0
DA:15,0
DA:18,0
DA:22,0
DA:25,0
DA:26,0
DA:30,0
DA:31,0
DA:34,0
DA:42,0
DA:46,0
DA:50,0
DA:51,0
DA:59,0
DA:63,0
DA:64,0
DA:72,0
DA:80,0
DA:83,0
DA:85,0
DA:86,0
DA:89,0
DA:93,0
DA:99,0
DA:101,0
DA:108,0
DA:118,0
DA:125,0
DA:126,0
DA:132,0
DA:134,0
DA:141,0
DA:151,0
DA:159,0
DA:162,0
DA:163,0
DA:164,0
DA:166,0
DA:170,0
DA:178,0
DA:180,0
DA:187,0
DA:197,0
DA:203,0
DA:204,0
DA:205,0
DA:206,0
DA:213,0
DA:223,0
DA:230,0
DA:232,0
DA:235,0
DA:236,0
DA:238,0
DA:244,0
DA:246,0
DA:248,0
DA:255,0
DA:265,0
DA:273,0
DA:274,0
DA:275,0
DA:276,0
DA:277,0
DA:278,0
DA:285,0
DA:296,0
DA:299,0
DA:304,0
DA:306,0
DA:307,0
DA:308,0
DA:309,0
DA:311,0
DA:316,0
DA:317,0
DA:318,0
DA:322,0
DA:323,0
DA:324,0
DA:325,0
DA:329,0
DA:330,0
DA:331,0
LF:94
LH:0
BRDA:15,0,0,0
BRDA:15,0,1,0
BRDA:19,1,0,0
BRDA:19,1,1,0
BRDA:42,2,0,0
BRDA:42,2,1,0
BRDA:83,3,0,0
BRDA:83,3,1,0
BRDA:95,4,0,0
BRDA:95,4,1,0
BRDA:95,4,2,0
BRDA:128,5,0,0
BRDA:128,5,1,0
BRDA:128,5,2,0
BRDA:162,6,0,0
BRDA:162,6,1,0
BRDA:174,7,0,0
BRDA:174,7,1,0
BRDA:174,7,2,0
BRDA:240,8,0,0
BRDA:240,8,1,0
BRDA:240,8,2,0
BRDA:276,9,0,0
BRDA:276,9,1,0
BRDA:304,10,0,0
BRDA:304,10,1,0
BRF:26
BRH:0
end_of_record
TN:
SF:src/mcp/server.ts
FN:15,progress
FN:24,(anonymous_10)
FN:37,(anonymous_11)
FN:53,(anonymous_12)
FN:79,(anonymous_13)
FN:105,(anonymous_14)
FN:130,(anonymous_15)
FN:155,(anonymous_16)
FN:182,(anonymous_17)
FN:206,main
FN:213,(anonymous_19)
FNF:11
FNH:0
FNDA:0,progress
FNDA:0,(anonymous_10)
FNDA:0,(anonymous_11)
FNDA:0,(anonymous_12)
FNDA:0,(anonymous_13)
FNDA:0,(anonymous_14)
FNDA:0,(anonymous_15)
FNDA:0,(anonymous_16)
FNDA:0,(anonymous_17)
FNDA:0,main
FNDA:0,(anonymous_19)
DA:1,0
DA:2,0
DA:3,0
DA:4,0
DA:5,0
DA:8,0
DA:17,0
DA:21,0
DA:25,0
DA:26,0
DA:34,0
DA:38,0
DA:39,0
DA:47,0
DA:54,0
DA:55,0
DA:56,0
DA:63,0
DA:73,0
DA:80,0
DA:81,0
DA:82,0
DA:89,0
DA:99,0
DA:106,0
DA:107,0
DA:108,0
DA:115,0
DA:125,0
DA:131,0
DA:132,0
DA:133,0
DA:140,0
DA:150,0
DA:156,0
DA:157,0
DA:158,0
DA:165,0
DA:175,0
DA:183,0
DA:184,0
DA:185,0
DA:186,0
DA:187,0
DA:188,0
DA:195,0
DA:207,0
DA:208,0
DA:209,0
DA:213,0
DA:214,0
DA:215,0
LF:52
LH:0
BRDA:17,0,0,0
BRDA:17,0,1,0
BRDA:187,1,0,0
BRDA:187,1,1,0
BRF:4
BRH:0
end_of_record
TN:
SF:src/mcp/persistence/db-factory.ts
FN:24,createDatabase
FN:42,createAndConnectDatabase
FN:53,getDatabaseInstance
FNF:3
FNH:3
FNDA:8,createDatabase
FNDA:3,createAndConnectDatabase
FNDA:2,getDatabaseInstance
DA:6,2
DA:7,2
DA:8,2
DA:10,2
DA:24,2
DA:26,8
DA:29,8
DA:30,6
DA:31,6
DA:32,6
DA:34,2
DA:35,2
DA:42,2
DA:43,3
DA:44,3
DA:45,3
DA:51,2
DA:53,2
DA:54,2
DA:55,1
DA:57,2
LF:21
LH:21
BRDA:26,0,0,8
BRDA:26,0,1,3
BRDA:26,0,2,2
BRDA:29,1,0,6
BRDA:29,1,1,2
BRDA:31,2,0,6
BRDA:31,2,1,0
BRDA:54,3,0,1
BRDA:54,3,1,1
BRF:9
BRH:8
end_of_record
TN:
SF:src/mcp/persistence/db-postgres.ts
FN:32,(anonymous_1)
FN:46,(anonymous_2)
FN:52,(anonymous_3)
FN:159,(anonymous_4)
FN:168,(anonymous_5)
FN:219,(anonymous_6)
FN:248,(anonymous_7)
FN:261,(anonymous_8)
FN:280,(anonymous_9)
FNF:9
FNH:0
FNDA:0,(anonymous_1)
FNDA:0,(anonymous_2)
FNDA:0,(anonymous_3)
FNDA:0,(anonymous_4)
FNDA:0,(anonymous_5)
FNDA:0,(anonymous_6)
FNDA:0,(anonymous_7)
FNDA:0,(anonymous_8)
FNDA:0,(anonymous_9)
DA:1,2
DA:2,2
DA:4,2
DA:29,2
DA:34,0
DA:37,0
DA:48,0
DA:49,0
DA:53,0
DA:54,0
DA:55,0
DA:58,0
DA:142,0
DA:143,0
DA:150,0
DA:152,0
DA:153,0
DA:155,0
DA:160,0
DA:173,0
DA:174,0
DA:175,0
DA:177,0
DA:179,0
DA:194,0
DA:195,0
DA:202,0
DA:203,0
DA:210,0
DA:212,0
DA:213,0
DA:215,0
DA:220,0
DA:226,0
DA:227,0
DA:229,0
DA:230,0
DA:231,0
DA:232,0
DA:235,0
DA:236,0
DA:237,0
DA:238,0
DA:241,0
DA:242,0
DA:244,0
DA:245,0
DA:249,0
DA:255,0
DA:262,0
DA:273,0
DA:274,0
DA:276,0
DA:277,0
DA:281,0
LF:55
LH:4
BRDA:34,0,0,0
BRDA:34,0,1,0
BRDA:39,1,0,0
BRDA:39,1,1,0
BRDA:142,2,0,0
BRDA:142,2,1,0
BRDA:206,3,0,0
BRDA:206,3,1,0
BRDA:206,4,0,0
BRDA:206,4,1,0
BRDA:219,5,0,0
BRDA:229,6,0,0
BRDA:229,6,1,0
BRDA:235,7,0,0
BRDA:235,7,1,0
BRDA:251,8,0,0
BRDA:251,8,1,0
BRDA:273,9,0,0
BRDA:273,9,1,0
BRDA:274,10,0,0
BRDA:274,10,1,0
BRF:21
BRH:0
end_of_record
TN:
SF:src/mcp/persistence/db.ts
FN:24,(anonymous_1)
FN:26,(anonymous_2)
FN:31,(anonymous_3)
FN:82,(anonymous_4)
FN:89,(anonymous_5)
FN:115,(anonymous_6)
FNF:6
FNH:6
FNDA:2,(anonymous_1)
FNDA:2,(anonymous_2)
FNDA:2,(anonymous_3)
FNDA:1,(anonymous_4)
FNDA:1,(anonymous_5)
FNDA:1,(anonymous_6)
DA:1,6
DA:2,6
DA:22,6
DA:24,2
DA:27,2
DA:28,2
DA:32,2
DA:33,2
DA:83,1
DA:84,1
DA:85,1
DA:90,1
DA:91,1
DA:92,1
DA:93,1
DA:94,1
DA:100,1
DA:101,0
DA:104,1
DA:105,1
DA:108,1
DA:110,0
DA:111,0
DA:116,1
DA:117,1
DA:118,1
DA:119,1
DA:121,1
LF:28
LH:25
BRDA:24,0,0,1
BRDA:32,1,0,0
BRDA:32,1,1,2
BRDA:83,2,0,0
BRDA:83,2,1,1
BRDA:90,3,0,0
BRDA:90,3,1,1
BRDA:106,4,0,1
BRDA:106,4,1,0
BRDA:106,5,0,1
BRDA:106,5,1,1
BRDA:115,6,0,0
BRDA:116,7,0,0
BRDA:116,7,1,1
BRDA:117,8,0,0
BRDA:117,8,1,1
BRDA:118,9,0,0
BRDA:118,9,1,1
BRF:18
BRH:10
end_of_record
TN:
SF:src/rules/registry.ts
FN:43,getAllParameters
FN:52,(anonymous_1)
FN:64,resolveRef
FN:75,resolveParameterRef
FN:86,hasParameter
FN:90,(anonymous_5)
FN:110,getByPath
FN:173,(anonymous_7)
FN:179,(anonymous_8)
FN:201,(anonymous_9)
FN:207,(anonymous_10)
FN:229,(anonymous_11)
FN:247,(anonymous_12)
FN:255,(anonymous_13)
FN:290,(anonymous_14)
FN:324,(anonymous_15)
FN:329,(anonymous_16)
FN:331,(anonymous_17)
FN:337,(anonymous_18)
FN:354,(anonymous_19)
FN:375,(anonymous_20)
FN:380,(anonymous_21)
FN:383,(anonymous_22)
FN:433,(anonymous_23)
FN:454,(anonymous_24)
FN:486,(anonymous_25)
FN:491,(anonymous_26)
FN:494,(anonymous_27)
FN:497,(anonymous_28)
FN:525,(anonymous_29)
FN:543,(anonymous_30)
FN:557,(anonymous_31)
FN:562,(anonymous_32)
FN:584,(anonymous_33)
FN:600,(anonymous_34)
FN:606,(anonymous_35)
FN:637,(anonymous_36)
FN:641,(anonymous_37)
FN:668,(anonymous_38)
FN:693,(anonymous_39)
FN:711,(anonymous_40)
FN:734,(anonymous_41)
FN:752,(anonymous_42)
FN:788,(anonymous_43)
FN:804,(anonymous_44)
FN:810,(anonymous_45)
FN:811,(anonymous_46)
FN:812,(anonymous_47)
FN:818,(anonymous_48)
FN:830,(anonymous_49)
FN:856,(anonymous_50)
FN:872,(anonymous_51)
FN:902,(anonymous_52)
FN:923,(anonymous_53)
FN:949,(anonymous_54)
FN:969,(anonymous_55)
FN:974,(anonymous_56)
FN:1002,(anonymous_57)
FN:1015,(anonymous_58)
FN:1022,(anonymous_59)
FN:1024,(anonymous_60)
FN:1048,(anonymous_61)
FN:1066,(anonymous_62)
FN:1094,(anonymous_63)
FN:1100,(anonymous_64)
FN:1124,(anonymous_65)
FN:1142,(anonymous_66)
FN:1172,(anonymous_67)
FN:1190,(anonymous_68)
FN:1241,(anonymous_69)
FN:1247,(anonymous_70)
FN:1258,(anonymous_71)
FN:1264,(anonymous_72)
FN:1290,(anonymous_73)
FN:1296,(anonymous_74)
FN:1299,(anonymous_75)
FN:1300,(anonymous_76)
FN:1304,(anonymous_77)
FN:1305,(anonymous_78)
FN:1306,(anonymous_79)
FN:1311,(anonymous_80)
FN:1316,(anonymous_81)
FN:1317,(anonymous_82)
FN:1326,(anonymous_83)
FN:1349,(anonymous_84)
FN:1355,(anonymous_85)
FN:1357,(anonymous_86)
FN:1358,(anonymous_87)
FN:1414,getRulesByCategory
FN:1415,(anonymous_89)
FN:1419,getRulesBySeverity
FN:1420,(anonymous_91)
FNF:92
FNH:57
FNDA:184,getAllParameters
FNDA:8,(anonymous_1)
FNDA:0,resolveRef
FNDA:161,resolveParameterRef
FNDA:0,hasParameter
FNDA:0,(anonymous_5)
FNDA:190,getByPath
FNDA:100,(anonymous_7)
FNDA:100,(anonymous_8)
FNDA:100,(anonymous_9)
FNDA:100,(anonymous_10)
FNDA:100,(anonymous_11)
FNDA:183,(anonymous_12)
FNDA:164,(anonymous_13)
FNDA:1,(anonymous_14)
FNDA:0,(anonymous_15)
FNDA:0,(anonymous_16)
FNDA:0,(anonymous_17)
FNDA:0,(anonymous_18)
FNDA:1,(anonymous_19)
FNDA:1,(anonymous_20)
FNDA:6,(anonymous_21)
FNDA:1,(anonymous_22)
FNDA:1,(anonymous_23)
FNDA:1,(anonymous_24)
FNDA:0,(anonymous_25)
FNDA:0,(anonymous_26)
FNDA:0,(anonymous_27)
FNDA:0,(anonymous_28)
FNDA:1,(anonymous_29)
FNDA:1,(anonymous_30)
FNDA:2,(anonymous_31)
FNDA:0,(anonymous_32)
FNDA:1,(anonymous_33)
FNDA:1,(anonymous_34)
FNDA:0,(anonymous_35)
FNDA:1,(anonymous_36)
FNDA:0,(anonymous_37)
FNDA:0,(anonymous_38)
FNDA:1,(anonymous_39)
FNDA:0,(anonymous_40)
FNDA:1,(anonymous_41)
FNDA:0,(anonymous_42)
FNDA:1,(anonymous_43)
FNDA:0,(anonymous_44)
FNDA:0,(anonymous_45)
FNDA:0,(anonymous_46)
FNDA:0,(anonymous_47)
FNDA:0,(anonymous_48)
FNDA:0,(anonymous_49)
FNDA:1,(anonymous_50)
FNDA:1,(anonymous_51)
FNDA:1,(anonymous_52)
FNDA:0,(anonymous_53)
FNDA:1,(anonymous_54)
FNDA:0,(anonymous_55)
FNDA:0,(anonymous_56)
FNDA:1,(anonymous_57)
FNDA:1,(anonymous_58)
FNDA:2,(anonymous_59)
FNDA:0,(anonymous_60)
FNDA:1,(anonymous_61)
FNDA:1,(anonymous_62)
FNDA:1,(anonymous_63)
FNDA:1,(anonymous_64)
FNDA:1,(anonymous_65)
FNDA:0,(anonymous_66)
FNDA:1,(anonymous_67)
FNDA:1,(anonymous_68)
FNDA:1,(anonymous_69)
FNDA:1,(anonymous_70)
FNDA:0,(anonymous_71)
FNDA:0,(anonymous_72)
FNDA:1,(anonymous_73)
FNDA:1,(anonymous_74)
FNDA:1,(anonymous_75)
FNDA:1,(anonymous_76)
FNDA:1,(anonymous_77)
FNDA:1,(anonymous_78)
FNDA:1,(anonymous_79)
FNDA:0,(anonymous_80)
FNDA:1,(anonymous_81)
FNDA:1,(anonymous_82)
FNDA:6,(anonymous_83)
FNDA:1,(anonymous_84)
FNDA:1,(anonymous_85)
FNDA:1,(anonymous_86)
FNDA:1,(anonymous_87)
FNDA:0,getRulesByCategory
FNDA:0,(anonymous_89)
FNDA:0,getRulesBySeverity
FNDA:0,(anonymous_91)
DA:44,184
DA:45,184
DA:46,184
DA:50,184
DA:51,184
DA:52,166
DA:53,8
DA:56,166
DA:57,166
DA:60,184
DA:65,0
DA:66,0
DA:67,0
DA:68,0
DA:69,0
DA:71,0
DA:76,161
DA:77,161
DA:78,161
DA:79,161
DA:80,483
DA:82,161
DA:87,0
DA:90,0
DA:91,0
DA:93,0
DA:96,0
DA:97,0
DA:98,0
DA:99,0
DA:100,0
DA:101,0
DA:107,0
DA:113,190
DA:116,190
DA:117,190
DA:118,190
DA:120,190
DA:121,5589
DA:123,5589
DA:124,190
DA:125,190
DA:126,190
DA:128,190
DA:129,5399
DA:130,190
DA:132,190
DA:133,190
DA:134,190
DA:136,190
DA:137,5209
DA:138,192
DA:139,2
DA:140,2
DA:143,5017
DA:147,190
DA:148,190
DA:152,190
DA:153,190
DA:154,572
DA:155,572
DA:158,190
DA:165,6
DA:173,100
DA:180,100
DA:181,100
DA:182,100
DA:193,6
DA:201,100
DA:208,100
DA:209,100
DA:210,100
DA:221,6
DA:230,100
DA:231,100
DA:232,201
DA:233,804
DA:234,183
DA:244,100
DA:248,183
DA:249,183
DA:252,183
DA:255,183
DA:256,164
DA:257,3
DA:259,161
DA:260,161
DA:261,161
DA:263,0
DA:266,183
DA:282,6
DA:291,1
DA:294,1
DA:295,1
DA:296,1
DA:298,0
DA:299,0
DA:300,0
DA:303,0
DA:304,0
DA:305,0
DA:311,1
DA:312,1
DA:313,0
DA:321,1
DA:325,0
DA:326,0
DA:327,0
DA:329,0
DA:330,0
DA:331,0
DA:334,0
DA:335,0
DA:337,0
DA:346,6
DA:355,1
DA:356,1
DA:357,1
DA:358,1
DA:359,1
DA:360,1
DA:361,1
DA:372,1
DA:376,1
DA:377,1
DA:379,1
DA:380,6
DA:383,1
DA:384,1
DA:387,0
DA:391,0
DA:394,0
DA:397,0
DA:398,0
DA:399,0
DA:401,0
DA:403,0
DA:407,0
DA:409,0
DA:412,1
DA:413,1
DA:425,6
DA:434,1
DA:435,1
DA:436,1
DA:437,1
DA:438,1
DA:439,1
DA:440,1
DA:451,1
DA:455,1
DA:456,1
DA:458,1
DA:460,1
DA:461,1
DA:464,0
DA:465,0
DA:468,0
DA:469,0
DA:470,0
DA:472,0
DA:475,0
DA:482,0
DA:483,0
DA:486,0
DA:487,0
DA:491,0
DA:492,0
DA:494,0
DA:495,0
DA:497,0
DA:498,0
DA:502,0
DA:505,0
DA:517,6
DA:526,1
DA:527,1
DA:528,1
DA:529,1
DA:530,1
DA:540,1
DA:544,1
DA:545,1
DA:548,1
DA:549,1
DA:550,1
DA:551,0
DA:552,0
DA:553,0
DA:554,0
DA:557,2
DA:558,1
DA:560,1
DA:562,0
DA:575,6
DA:585,1
DA:586,1
DA:587,1
DA:588,1
DA:597,1
DA:601,1
DA:603,1
DA:606,1
DA:607,0
DA:608,0
DA:610,0
DA:611,0
DA:612,0
DA:614,0
DA:617,1
DA:629,6
DA:640,1
DA:642,0
DA:647,1
DA:648,1
DA:651,0
DA:652,0
DA:653,0
DA:654,0
DA:655,0
DA:665,0
DA:669,0
DA:670,0
DA:672,0
DA:684,6
DA:694,1
DA:695,1
DA:696,1
DA:697,1
DA:698,0
DA:708,1
DA:712,0
DA:713,0
DA:715,0
DA:726,6
DA:735,1
DA:736,1
DA:737,1
DA:738,3
DA:739,0
DA:749,1
DA:753,0
DA:754,0
DA:756,0
DA:758,0
DA:759,0
DA:765,0
DA:780,6
DA:789,1
DA:790,1
DA:791,1
DA:792,0
DA:801,1
DA:805,0
DA:807,0
DA:810,0
DA:811,0
DA:812,0
DA:813,0
DA:815,0
DA:816,0
DA:817,0
DA:818,0
DA:820,0
DA:825,0
DA:826,0
DA:827,0
DA:830,0
DA:831,0
DA:834,0
DA:836,0
DA:848,6
DA:857,1
DA:858,1
DA:859,1
DA:860,1
DA:869,1
DA:873,1
DA:874,1
DA:875,1
DA:877,1
DA:879,1
DA:880,1
DA:881,1
DA:883,1
DA:894,6
DA:903,1
DA:905,1
DA:906,1
DA:907,0
DA:908,0
DA:909,0
DA:920,1
DA:924,0
DA:925,0
DA:928,0
DA:930,0
DA:941,6
DA:950,1
DA:952,1
DA:953,1
DA:954,3
DA:955,0
DA:962,0
DA:966,1
DA:970,0
DA:971,0
DA:974,0
DA:975,0
DA:976,0
DA:979,0
DA:994,6
DA:1003,1
DA:1004,1
DA:1005,1
DA:1012,1
DA:1016,1
DA:1019,1
DA:1022,2
DA:1023,1
DA:1024,1
DA:1025,0
DA:1028,1
DA:1040,6
DA:1049,1
DA:1050,1
DA:1051,1
DA:1052,1
DA:1053,1
DA:1063,1
DA:1067,1
DA:1069,1
DA:1070,1
DA:1071,1
DA:1073,1
DA:1075,1
DA:1086,6
DA:1094,1
DA:1101,1
DA:1102,1
DA:1104,1
DA:1116,6
DA:1125,1
DA:1126,1
DA:1127,1
DA:1128,2
DA:1129,0
DA:1139,1
DA:1143,0
DA:1144,0
DA:1146,0
DA:1149,0
DA:1164,6
DA:1173,1
DA:1174,1
DA:1175,1
DA:1176,1
DA:1177,1
DA:1187,1
DA:1191,1
DA:1192,1
DA:1195,1
DA:1196,1
DA:1203,1
DA:1204,1
DA:1205,1
DA:1206,1
DA:1207,0
DA:1208,0
DA:1214,1
DA:1216,1
DA:1220,1
DA:1233,6
DA:1241,1
DA:1249,1
DA:1250,1
DA:1255,1
DA:1258,1
DA:1259,0
DA:1264,1
DA:1265,0
DA:1269,1
DA:1271,1
DA:1282,6
DA:1290,1
DA:1298,1
DA:1299,1
DA:1300,1
DA:1304,1
DA:1305,1
DA:1306,1
DA:1311,1
DA:1312,0
DA:1316,1
DA:1317,1
DA:1318,1
DA:1323,1
DA:1325,1
DA:1326,6
DA:1328,1
DA:1341,6
DA:1349,1
DA:1356,1
DA:1357,1
DA:1358,1
DA:1361,1
DA:1376,6
DA:1414,6
DA:1415,0
DA:1419,6
DA:1420,0
LF:411
LH:269
BRDA:45,0,0,184
BRDA:45,0,1,182
BRDA:46,1,0,184
BRDA:46,1,1,21
BRDA:53,2,0,8
BRDA:53,2,1,4
BRDA:53,2,2,3
BRDA:53,2,3,8
BRDA:53,2,4,4
BRDA:53,2,5,2
BRDA:56,3,0,166
BRDA:56,3,1,0
BRDA:65,4,0,0
BRDA:65,4,1,0
BRDA:65,5,0,0
BRDA:65,5,1,0
BRDA:76,6,0,0
BRDA:76,6,1,161
BRDA:76,7,0,161
BRDA:76,7,1,161
BRDA:86,8,0,0
BRDA:87,9,0,0
BRDA:87,9,1,0
BRDA:91,10,0,0
BRDA:91,10,1,0
BRDA:93,11,0,0
BRDA:93,11,1,0
BRDA:96,12,0,0
BRDA:96,12,1,0
BRDA:98,13,0,0
BRDA:98,13,1,0
BRDA:100,14,0,0
BRDA:100,14,1,0
BRDA:100,15,0,0
BRDA:100,15,1,0
BRDA:100,15,2,0
BRDA:123,16,0,190
BRDA:123,16,1,5399
BRDA:124,17,0,190
BRDA:124,17,1,0
BRDA:129,18,0,190
BRDA:129,18,1,5209
BRDA:130,19,0,190
BRDA:130,19,1,0
BRDA:130,20,0,190
BRDA:130,20,1,190
BRDA:137,21,0,192
BRDA:137,21,1,5017
BRDA:137,22,0,5209
BRDA:137,22,1,192
BRDA:138,23,0,2
BRDA:138,23,1,190
BRDA:147,24,0,190
BRDA:147,24,1,0
BRDA:154,25,0,0
BRDA:154,25,1,572
BRDA:184,26,0,83
BRDA:184,26,1,17
BRDA:209,27,0,100
BRDA:209,27,1,84
BRDA:212,28,0,84
BRDA:212,28,1,16
BRDA:231,29,0,100
BRDA:231,29,1,3
BRDA:233,30,0,183
BRDA:233,30,1,621
BRDA:249,31,0,0
BRDA:249,31,1,183
BRDA:256,32,0,3
BRDA:256,32,1,161
BRDA:256,33,0,164
BRDA:256,33,1,3
BRDA:259,34,0,161
BRDA:259,34,1,0
BRDA:261,35,0,161
BRDA:261,35,1,160
BRDA:261,35,2,160
BRDA:268,36,0,163
BRDA:268,36,1,20
BRDA:294,37,0,1
BRDA:294,37,1,0
BRDA:296,38,0,1
BRDA:296,38,1,0
BRDA:299,39,0,0
BRDA:299,39,1,0
BRDA:304,40,0,0
BRDA:304,40,1,0
BRDA:327,41,0,0
BRDA:327,41,1,0
BRDA:331,42,0,0
BRDA:331,42,1,0
BRDA:337,43,0,0
BRDA:337,43,1,0
BRDA:356,44,0,1
BRDA:356,44,1,0
BRDA:358,45,0,1
BRDA:358,45,1,0
BRDA:360,46,0,1
BRDA:360,46,1,0
BRDA:377,47,0,0
BRDA:377,47,1,1
BRDA:384,48,0,1
BRDA:384,48,1,0
BRDA:387,49,0,0
BRDA:387,49,1,0
BRDA:391,50,0,0
BRDA:391,50,1,0
BRDA:394,51,0,0
BRDA:394,51,1,0
BRDA:398,52,0,0
BRDA:398,52,1,0
BRDA:399,53,0,0
BRDA:399,53,1,0
BRDA:401,54,0,0
BRDA:401,54,1,0
BRDA:403,55,0,0
BRDA:403,55,1,0
BRDA:403,55,2,0
BRDA:403,55,3,0
BRDA:403,55,4,0
BRDA:403,55,5,0
BRDA:403,55,6,0
BRDA:403,55,7,0
BRDA:414,56,0,1
BRDA:414,56,1,0
BRDA:415,57,0,1
BRDA:415,57,1,0
BRDA:416,58,0,0
BRDA:416,58,1,0
BRDA:435,59,0,1
BRDA:435,59,1,0
BRDA:437,60,0,1
BRDA:437,60,1,0
BRDA:439,61,0,1
BRDA:439,61,1,0
BRDA:439,62,0,1
BRDA:439,62,1,0
BRDA:456,63,0,1
BRDA:456,63,1,0
BRDA:458,64,0,0
BRDA:458,64,1,1
BRDA:461,65,0,1
BRDA:461,65,1,0
BRDA:468,66,0,0
BRDA:468,66,1,0
BRDA:475,67,0,0
BRDA:475,67,1,0
BRDA:482,68,0,0
BRDA:482,68,1,0
BRDA:502,69,0,0
BRDA:502,69,1,0
BRDA:502,69,2,0
BRDA:502,69,3,0
BRDA:507,70,0,0
BRDA:507,70,1,0
BRDA:527,71,0,1
BRDA:527,71,1,0
BRDA:529,72,0,1
BRDA:529,72,1,0
BRDA:545,73,0,1
BRDA:545,73,1,0
BRDA:549,74,0,1
BRDA:549,74,1,0
BRDA:549,74,2,0
BRDA:549,74,3,0
BRDA:549,74,4,0
BRDA:562,75,0,0
BRDA:562,75,1,1
BRDA:586,76,0,1
BRDA:586,76,1,0
BRDA:587,77,0,1
BRDA:587,77,1,0
BRDA:607,78,0,0
BRDA:607,78,1,0
BRDA:607,79,0,0
BRDA:607,79,1,0
BRDA:610,80,0,0
BRDA:610,80,1,0
BRDA:612,81,0,0
BRDA:612,81,1,0
BRDA:612,81,2,0
BRDA:619,82,0,0
BRDA:619,82,1,1
BRDA:640,83,0,1
BRDA:640,83,1,0
BRDA:642,84,0,0
BRDA:642,84,1,0
BRDA:647,85,0,1
BRDA:647,85,1,0
BRDA:652,86,0,0
BRDA:652,86,1,0
BRDA:654,87,0,0
BRDA:654,87,1,0
BRDA:674,88,0,0
BRDA:674,88,1,0
BRDA:695,89,0,1
BRDA:695,89,1,0
BRDA:697,90,0,0
BRDA:697,90,1,1
BRDA:713,91,0,0
BRDA:713,91,1,0
BRDA:717,92,0,0
BRDA:717,92,1,0
BRDA:736,93,0,1
BRDA:736,93,1,0
BRDA:738,94,0,0
BRDA:738,94,1,3
BRDA:756,95,0,0
BRDA:756,95,1,0
BRDA:759,96,0,0
BRDA:759,96,1,0
BRDA:759,96,2,0
BRDA:759,96,3,0
BRDA:767,97,0,0
BRDA:767,97,1,0
BRDA:790,98,0,1
BRDA:790,98,1,0
BRDA:791,99,0,0
BRDA:791,99,1,1
BRDA:791,100,0,1
BRDA:791,100,1,1
BRDA:812,101,0,0
BRDA:812,101,1,0
BRDA:812,102,0,0
BRDA:812,102,1,0
BRDA:815,103,0,0
BRDA:815,103,1,0
BRDA:817,104,0,0
BRDA:817,104,1,0
BRDA:817,104,2,0
BRDA:831,105,0,0
BRDA:831,105,1,0
BRDA:834,106,0,0
BRDA:834,106,1,0
BRDA:834,106,2,0
BRDA:837,107,0,0
BRDA:837,107,1,0
BRDA:838,108,0,0
BRDA:838,108,1,0
BRDA:839,109,0,0
BRDA:839,109,1,0
BRDA:858,110,0,1
BRDA:858,110,1,0
BRDA:859,111,0,1
BRDA:859,111,1,0
BRDA:874,112,0,1
BRDA:874,112,1,0
BRDA:877,113,0,0
BRDA:877,113,1,1
BRDA:879,114,0,1
BRDA:879,114,1,1
BRDA:884,115,0,1
BRDA:884,115,1,1
BRDA:885,116,0,1
BRDA:885,116,1,0
BRDA:885,117,0,1
BRDA:885,117,1,1
BRDA:905,118,0,1
BRDA:905,118,1,0
BRDA:906,119,0,0
BRDA:906,119,1,1
BRDA:906,120,0,1
BRDA:906,120,1,1
BRDA:906,120,2,1
BRDA:908,121,0,0
BRDA:908,121,1,0
BRDA:925,122,0,0
BRDA:925,122,1,0
BRDA:932,123,0,0
BRDA:932,123,1,0
BRDA:952,124,0,1
BRDA:952,124,1,0
BRDA:954,125,0,0
BRDA:954,125,1,3
BRDA:971,126,0,0
BRDA:971,126,1,0
BRDA:975,127,0,0
BRDA:975,127,1,0
BRDA:976,128,0,0
BRDA:976,128,1,0
BRDA:981,129,0,0
BRDA:981,129,1,0
BRDA:1004,130,0,1
BRDA:1004,130,1,0
BRDA:1022,131,0,2
BRDA:1022,131,1,1
BRDA:1025,132,0,0
BRDA:1025,132,1,0
BRDA:1029,133,0,1
BRDA:1029,133,1,0
BRDA:1030,134,0,1
BRDA:1030,134,1,0
BRDA:1031,135,0,0
BRDA:1031,135,1,0
BRDA:1050,136,0,1
BRDA:1050,136,1,0
BRDA:1052,137,0,1
BRDA:1052,137,1,0
BRDA:1069,138,0,1
BRDA:1069,138,1,0
BRDA:1070,139,0,1
BRDA:1070,139,1,0
BRDA:1071,140,0,1
BRDA:1071,140,1,0
BRDA:1073,141,0,0
BRDA:1073,141,1,1
BRDA:1073,142,0,0
BRDA:1073,142,1,1
BRDA:1073,143,0,0
BRDA:1073,143,1,1
BRDA:1077,144,0,1
BRDA:1077,144,1,0
BRDA:1102,145,0,1
BRDA:1102,145,1,1
BRDA:1106,146,0,0
BRDA:1106,146,1,1
BRDA:1126,147,0,1
BRDA:1126,147,1,0
BRDA:1128,148,0,0
BRDA:1128,148,1,2
BRDA:1146,149,0,0
BRDA:1146,149,1,0
BRDA:1151,150,0,0
BRDA:1151,150,1,0
BRDA:1174,151,0,1
BRDA:1174,151,1,0
BRDA:1176,152,0,1
BRDA:1176,152,1,0
BRDA:1192,153,0,0
BRDA:1192,153,1,1
BRDA:1197,154,0,1
BRDA:1197,154,1,1
BRDA:1197,154,2,1
BRDA:1204,155,0,1
BRDA:1204,155,1,0
BRDA:1206,156,0,0
BRDA:1206,156,1,1
BRDA:1206,157,0,1
BRDA:1206,157,1,1
BRDA:1206,157,2,1
BRDA:1214,158,0,1
BRDA:1214,158,1,0
BRDA:1216,159,0,0
BRDA:1216,159,1,1
BRDA:1217,160,0,0
BRDA:1217,160,1,0
BRDA:1222,161,0,1
BRDA:1222,161,1,0
BRDA:1223,162,0,0
BRDA:1223,162,1,0
BRDA:1223,163,0,0
BRDA:1223,163,1,0
BRDA:1249,164,0,1
BRDA:1249,164,1,1
BRDA:1250,165,0,1
BRDA:1250,165,1,1
BRDA:1250,165,2,1
BRDA:1255,166,0,1
BRDA:1255,166,1,1
BRDA:1259,167,0,0
BRDA:1259,167,1,0
BRDA:1265,168,0,0
BRDA:1265,168,1,0
BRDA:1269,169,0,1
BRDA:1269,169,1,1
BRDA:1269,169,2,1
BRDA:1269,169,3,1
BRDA:1299,170,0,1
BRDA:1299,170,1,0
BRDA:1304,171,0,1
BRDA:1304,171,1,0
BRDA:1306,172,0,1
BRDA:1306,172,1,1
BRDA:1311,173,0,1
BRDA:1311,173,1,1
BRDA:1312,174,0,0
BRDA:1312,174,1,0
BRDA:1316,175,0,1
BRDA:1316,175,1,0
BRDA:1323,176,0,1
BRDA:1323,176,1,1
BRDA:1323,176,2,1
BRDA:1330,177,0,1
BRDA:1330,177,1,0
BRDA:1331,178,0,0
BRDA:1331,178,1,0
BRDA:1356,179,0,1
BRDA:1356,179,1,1
BRDA:1357,180,0,1
BRDA:1357,180,1,0
BRDA:1362,181,0,1
BRDA:1362,181,1,1
BRF:392
BRH:163
end_of_record
TN:
SF:src/scoring/coverage.ts
FN:36,scoreRule
FN:65,(anonymous_1)
FN:71,(anonymous_2)
FN:74,(anonymous_3)
FN:78,(anonymous_4)
FN:85,(anonymous_5)
FN:86,(anonymous_6)
FN:114,calculateTargetWeights
FN:116,(anonymous_8)
FN:149,scoreAllRules
FN:154,(anonymous_10)
FN:154,(anonymous_11)
FN:174,calculateCategoryScores
FN:219,mapSeverity
FN:236,getImprovementOpportunities
FN:269,(anonymous_15)
FN:277,calculateCoverageStats
FN:328,generateCoverageReport
FN:345,(anonymous_18)
FN:346,(anonymous_19)
FNF:20
FNH:10
FNDA:34,scoreRule
FNDA:26,(anonymous_1)
FNDA:26,(anonymous_2)
FNDA:26,(anonymous_3)
FNDA:26,(anonymous_4)
FNDA:26,(anonymous_5)
FNDA:23,(anonymous_6)
FNDA:26,calculateTargetWeights
FNDA:26,(anonymous_8)
FNDA:0,scoreAllRules
FNDA:0,(anonymous_10)
FNDA:0,(anonymous_11)
FNDA:0,calculateCategoryScores
FNDA:23,mapSeverity
FNDA:0,getImprovementOpportunities
FNDA:0,(anonymous_15)
FNDA:0,calculateCoverageStats
FNDA:0,generateCoverageReport
FNDA:0,(anonymous_18)
FNDA:0,(anonymous_19)
DA:5,5
DA:36,5
DA:38,34
DA:41,34
DA:42,8
DA:58,26
DA:59,26
DA:60,26
DA:61,26
DA:65,26
DA:66,26
DA:67,26
DA:70,26
DA:71,26
DA:72,26
DA:74,26
DA:75,26
DA:78,26
DA:81,26
DA:84,26
DA:85,26
DA:86,23
DA:95,26
DA:116,26
DA:143,26
DA:149,5
DA:150,0
DA:153,0
DA:154,0
DA:158,0
DA:160,0
DA:161,0
DA:164,0
DA:165,0
DA:168,0
DA:174,5
DA:175,0
DA:178,0
DA:179,0
DA:180,0
DA:192,0
DA:193,0
DA:194,0
DA:196,0
DA:197,0
DA:198,0
DA:200,0
DA:201,0
DA:202,0
DA:203,0
DA:209,0
DA:210,0
DA:213,0
DA:220,23
DA:223,6
DA:225,8
DA:227,9
DA:229,0
DA:236,5
DA:245,0
DA:247,0
DA:249,0
DA:252,0
DA:254,0
DA:255,0
DA:257,0
DA:269,0
DA:271,0
DA:277,5
DA:285,0
DA:286,0
DA:287,0
DA:288,0
DA:289,0
DA:290,0
DA:292,0
DA:293,0
DA:295,0
DA:296,0
DA:297,0
DA:299,0
DA:300,0
DA:303,0
DA:304,0
DA:308,0
DA:309,0
DA:315,0
DA:328,5
DA:329,0
DA:335,0
DA:336,0
DA:337,0
DA:338,0
DA:340,0
DA:344,0
DA:345,0
DA:346,0
DA:347,0
DA:349,0
DA:351,0
DA:352,0
DA:353,0
DA:356,0
DA:357,0
DA:358,0
DA:359,0
DA:361,0
DA:365,0
DA:369,0
DA:370,0
DA:371,0
DA:372,0
DA:373,0
DA:374,0
DA:376,0
DA:377,0
DA:380,0
LF:117
LH:34
BRDA:41,0,0,8
BRDA:41,0,1,26
BRDA:67,1,0,26
BRDA:67,1,1,0
BRDA:72,2,0,3
BRDA:72,2,1,23
BRDA:75,3,0,26
BRDA:75,3,1,0
BRDA:78,4,0,26
BRDA:78,4,1,0
BRDA:153,5,0,0
BRDA:153,5,1,0
BRDA:160,6,0,0
BRDA:160,6,1,0
BRDA:194,7,0,0
BRDA:194,7,1,0
BRDA:200,8,0,0
BRDA:200,8,1,0
BRDA:202,9,0,0
BRDA:202,9,1,0
BRDA:210,10,0,0
BRDA:210,10,1,0
BRDA:220,11,0,0
BRDA:220,11,1,6
BRDA:220,11,2,8
BRDA:220,11,3,9
BRDA:220,11,4,0
BRDA:249,12,0,0
BRDA:249,12,1,0
BRDA:252,13,0,0
BRDA:252,13,1,0
BRDA:295,14,0,0
BRDA:295,14,1,0
BRDA:299,15,0,0
BRDA:299,15,1,0
BRDA:303,16,0,0
BRDA:303,16,1,0
BRDA:308,17,0,0
BRDA:308,17,1,0
BRDA:308,18,0,0
BRDA:308,18,1,0
BRDA:319,19,0,0
BRDA:319,19,1,0
BRDA:337,20,0,0
BRDA:337,20,1,0
BRDA:347,21,0,0
BRDA:347,21,1,0
BRDA:353,22,0,0
BRDA:353,22,1,0
BRDA:354,23,0,0
BRDA:354,23,1,0
BRDA:356,24,0,0
BRDA:356,24,1,0
BRDA:376,25,0,0
BRDA:376,25,1,0
BRF:55
BRH:10
end_of_record
TN:
SF:src/scoring/dependencies.ts
FN:23,buildDependencyGraph
FN:51,topologicalSort
FN:56,visit
FN:97,scoreWithDependencies
FN:103,(anonymous_4)
FN:103,(anonymous_5)
FN:104,(anonymous_6)
FN:123,(anonymous_7)
FN:174,analyzeDependencyChains
FN:212,getEvaluationOrder
FN:214,(anonymous_10)
FN:214,(anonymous_11)
FN:224,validateDependencies
FN:257,generateDependencyReport
FN:313,getUnblockedRules
FN:323,(anonymous_15)
FN:347,visualizeDependencyGraph
FNF:17
FNH:17
FNDA:34,buildDependencyGraph
FNDA:27,topologicalSort
FNDA:529,visit
FNDA:12,scoreWithDependencies
FNDA:43,(anonymous_4)
FNDA:43,(anonymous_5)
FNDA:23,(anonymous_6)
FNDA:34,(anonymous_7)
FNDA:7,analyzeDependencyChains
FNDA:2,getEvaluationOrder
FNDA:3,(anonymous_10)
FNDA:3,(anonymous_11)
FNDA:3,validateDependencies
FNDA:2,generateDependencyReport
FNDA:10,getUnblockedRules
FNDA:14,(anonymous_15)
FNDA:3,visualizeDependencyGraph
DA:4,5
DA:5,5
DA:23,5
DA:24,34
DA:25,34
DA:28,34
DA:29,363
DA:32,363
DA:33,363
DA:37,363
DA:38,183
DA:39,191
DA:44,34
DA:51,5
DA:52,27
DA:53,27
DA:54,27
DA:58,529
DA:59,170
DA:63,359
DA:64,7
DA:65,7
DA:68,352
DA:71,352
DA:72,352
DA:73,181
DA:74,7
DA:78,345
DA:79,345
DA:80,345
DA:82,345
DA:86,27
DA:87,348
DA:90,27
DA:97,5
DA:102,12
DA:103,43
DA:104,23
DA:107,12
DA:110,12
DA:111,12
DA:114,12
DA:115,12
DA:118,12
DA:119,64
DA:120,64
DA:123,62
DA:125,62
DA:127,28
DA:151,28
DA:154,34
DA:157,34
DA:158,23
DA:161,34
DA:168,12
DA:174,5
DA:181,7
DA:182,7
DA:183,7
DA:186,7
DA:187,24
DA:189,16
DA:190,16
DA:191,7
DA:193,16
DA:195,16
DA:196,8
DA:198,6
DA:202,7
DA:212,5
DA:213,2
DA:214,3
DA:217,2
DA:218,2
DA:224,5
DA:228,3
DA:230,3
DA:231,75
DA:232,11
DA:233,11
DA:234,2
DA:241,3
DA:242,3
DA:244,3
DA:245,2
DA:248,3
DA:257,5
DA:260,2
DA:266,2
DA:269,2
DA:270,1
DA:271,1
DA:272,1
DA:273,1
DA:274,1
DA:275,1
DA:278,1
DA:282,2
DA:283,1
DA:284,1
DA:285,1
DA:286,1
DA:287,1
DA:288,1
DA:289,1
DA:292,1
DA:296,2
DA:297,2
DA:298,2
DA:299,2
DA:302,2
DA:303,1
DA:304,1
DA:307,2
DA:313,5
DA:317,10
DA:319,10
DA:320,33
DA:323,14
DA:326,11
DA:327,11
DA:328,3
DA:329,3
DA:330,3
DA:331,3
DA:335,11
DA:336,8
DA:341,10
DA:347,5
DA:348,3
DA:354,3
DA:355,3
DA:356,4
DA:357,4
DA:359,4
DA:363,3
DA:364,4
DA:366,4
DA:367,4
DA:369,4
DA:370,2
DA:372,2
DA:376,4
DA:380,3
DA:381,1
DA:382,1
DA:385,3
LF:147
LH:147
BRDA:32,0,0,363
BRDA:32,0,1,0
BRDA:37,1,0,183
BRDA:37,1,1,180
BRDA:37,2,0,363
BRDA:37,2,1,184
BRDA:58,3,0,170
BRDA:58,3,1,359
BRDA:63,4,0,7
BRDA:63,4,1,352
BRDA:71,5,0,352
BRDA:71,5,1,4
BRDA:73,6,0,7
BRDA:73,6,1,174
BRDA:102,7,0,11
BRDA:102,7,1,1
BRDA:120,8,0,2
BRDA:120,8,1,62
BRDA:123,9,0,62
BRDA:123,9,1,32
BRDA:125,10,0,28
BRDA:125,10,1,34
BRDA:157,11,0,23
BRDA:157,11,1,11
BRDA:157,12,0,34
BRDA:157,12,1,26
BRDA:187,13,0,16
BRDA:187,13,1,8
BRDA:187,14,0,24
BRDA:187,14,1,16
BRDA:190,15,0,7
BRDA:190,15,1,9
BRDA:196,16,0,6
BRDA:196,16,1,2
BRDA:196,17,0,8
BRDA:196,17,1,8
BRDA:213,18,0,1
BRDA:213,18,1,1
BRDA:231,19,0,11
BRDA:231,19,1,64
BRDA:233,20,0,2
BRDA:233,20,1,9
BRDA:244,21,0,2
BRDA:244,21,1,1
BRDA:269,22,0,1
BRDA:269,22,1,1
BRDA:273,23,0,1
BRDA:273,23,1,0
BRDA:282,24,0,1
BRDA:282,24,1,1
BRDA:286,25,0,1
BRDA:286,25,1,1
BRDA:289,26,0,1
BRDA:289,26,1,1
BRDA:302,27,0,1
BRDA:302,27,1,1
BRDA:320,28,0,11
BRDA:320,28,1,22
BRDA:320,29,0,33
BRDA:320,29,1,17
BRDA:329,30,0,3
BRDA:329,30,1,0
BRDA:329,31,0,3
BRDA:329,31,1,3
BRDA:329,31,2,3
BRDA:335,32,0,8
BRDA:335,32,1,3
BRDA:356,33,0,4
BRDA:356,33,1,0
BRDA:367,34,0,4
BRDA:367,34,1,0
BRDA:369,35,0,2
BRDA:369,35,1,2
BRDA:380,36,0,1
BRDA:380,36,1,2
BRF:75
BRH:70
end_of_record
TN:
SF:src/scoring/finalizer.ts
FN:58,calculateFinalGrade
FN:154,getLetterGrade
FN:166,sortFindings
FN:167,(anonymous_3)
FN:191,applyProfile
FN:230,generateGradeSummary
FN:296,compareGrades
FN:312,(anonymous_7)
FN:313,(anonymous_8)
FN:360,wouldLegacyAutoFail
FNF:10
FNH:0
FNDA:0,calculateFinalGrade
FNDA:0,getLetterGrade
FNDA:0,sortFindings
FNDA:0,(anonymous_3)
FNDA:0,applyProfile
FNDA:0,generateGradeSummary
FNDA:0,compareGrades
FNDA:0,(anonymous_7)
FNDA:0,(anonymous_8)
FNDA:0,wouldLegacyAutoFail
DA:30,4
DA:39,4
DA:58,4
DA:64,0
DA:66,0
DA:67,0
DA:78,0
DA:81,0
DA:82,0
DA:83,0
DA:84,0
DA:85,0
DA:89,0
DA:90,0
DA:93,0
DA:97,0
DA:98,0
DA:100,0
DA:102,0
DA:105,0
DA:106,0
DA:108,0
DA:112,0
DA:115,0
DA:118,0
DA:119,0
DA:120,0
DA:122,0
DA:123,0
DA:125,0
DA:126,0
DA:128,0
DA:129,0
DA:132,0
DA:133,0
DA:137,0
DA:154,4
DA:155,0
DA:156,0
DA:157,0
DA:160,0
DA:167,0
DA:169,0
DA:170,0
DA:171,0
DA:174,0
DA:175,0
DA:179,0
DA:180,0
DA:184,0
DA:191,4
DA:196,0
DA:199,0
DA:200,0
DA:202,0
DA:206,0
DA:207,0
DA:209,0
DA:213,0
DA:214,0
DA:216,0
DA:221,0
DA:224,0
DA:230,4
DA:231,0
DA:234,0
DA:238,0
DA:239,0
DA:242,0
DA:243,0
DA:244,0
DA:245,0
DA:246,0
DA:247,0
DA:249,0
DA:253,0
DA:254,0
DA:256,0
DA:257,0
DA:258,0
DA:261,0
DA:265,0
DA:266,0
DA:267,0
DA:269,0
DA:270,0
DA:272,0
DA:273,0
DA:275,0
DA:276,0
DA:281,0
DA:282,0
DA:283,0
DA:284,0
DA:285,0
DA:287,0
DA:290,0
DA:296,4
DA:307,0
DA:308,0
DA:309,0
DA:312,0
DA:313,0
DA:315,0
DA:316,0
DA:318,0
DA:319,0
DA:320,0
DA:324,0
DA:325,0
DA:326,0
DA:331,0
DA:332,0
DA:333,0
DA:334,0
DA:335,0
DA:337,0
DA:338,0
DA:339,0
DA:340,0
DA:343,0
DA:346,0
DA:360,4
DA:362,0
DA:364,0
DA:369,0
DA:373,0
LF:127
LH:8
BRDA:60,0,0,0
BRDA:61,1,0,0
BRDA:83,2,0,0
BRDA:83,2,1,0
BRDA:102,3,0,0
BRDA:102,3,1,0
BRDA:123,4,0,0
BRDA:123,4,1,0
BRDA:123,4,2,0
BRDA:123,4,3,0
BRDA:156,5,0,0
BRDA:156,5,1,0
BRDA:170,6,0,0
BRDA:170,6,1,0
BRDA:170,7,0,0
BRDA:170,7,1,0
BRDA:171,8,0,0
BRDA:171,8,1,0
BRDA:174,9,0,0
BRDA:174,9,1,0
BRDA:174,10,0,0
BRDA:174,10,1,0
BRDA:174,10,2,0
BRDA:179,11,0,0
BRDA:179,11,1,0
BRDA:196,12,0,0
BRDA:196,12,1,0
BRDA:196,12,2,0
BRDA:196,12,3,0
BRDA:196,12,4,0
BRDA:199,13,0,0
BRDA:199,13,1,0
BRDA:206,14,0,0
BRDA:206,14,1,0
BRDA:213,15,0,0
BRDA:213,15,1,0
BRDA:234,16,0,0
BRDA:234,16,1,0
BRDA:235,17,0,0
BRDA:235,17,1,0
BRDA:236,18,0,0
BRDA:236,18,1,0
BRDA:242,19,0,0
BRDA:242,19,1,0
BRDA:244,20,0,0
BRDA:244,20,1,0
BRDA:246,21,0,0
BRDA:246,21,1,0
BRDA:258,22,0,0
BRDA:258,22,1,0
BRDA:259,23,0,0
BRDA:259,23,1,0
BRDA:265,24,0,0
BRDA:265,24,1,0
BRDA:269,25,0,0
BRDA:269,25,1,0
BRDA:272,26,0,0
BRDA:272,26,1,0
BRDA:275,27,0,0
BRDA:275,27,1,0
BRDA:282,28,0,0
BRDA:282,28,1,0
BRDA:284,29,0,0
BRDA:284,29,1,0
BRDA:319,30,0,0
BRDA:319,30,1,0
BRDA:325,31,0,0
BRDA:325,31,1,0
BRDA:332,32,0,0
BRDA:332,32,1,0
BRDA:334,33,0,0
BRDA:334,33,1,0
BRDA:337,34,0,0
BRDA:337,34,1,0
BRDA:339,35,0,0
BRDA:339,35,1,0
BRDA:364,36,0,0
BRDA:364,36,1,0
BRDA:364,37,0,0
BRDA:364,37,1,0
BRDA:364,37,2,0
BRDA:364,37,3,0
BRDA:364,37,4,0
BRF:83
BRH:0
end_of_record
TN:
SF:src/scoring/prerequisites.ts
FN:34,checkPrerequisites
FN:94,checkStructuralIntegrity
FN:159,(anonymous_2)
FN:183,summarizePrerequisiteFailures
FN:231,checkSinglePrerequisite
FN:255,getPrerequisiteQuickFixes
FNF:6
FNH:6
FNDA:98,checkPrerequisites
FNDA:98,checkStructuralIntegrity
FNDA:111,(anonymous_2)
FNDA:4,summarizePrerequisiteFailures
FNDA:8,checkSinglePrerequisite
FNDA:5,getPrerequisiteQuickFixes
DA:4,5
DA:24,5
DA:34,5
DA:35,98
DA:36,98
DA:38,98
DA:39,294
DA:40,294
DA:41,0
DA:42,0
DA:46,294
DA:49,294
DA:50,26
DA:54,268
DA:55,377
DA:57,377
DA:58,50
DA:67,50
DA:68,44
DA:75,98
DA:76,98
DA:77,98
DA:79,98
DA:81,98
DA:95,98
DA:96,98
DA:99,98
DA:100,2
DA:107,2
DA:110,98
DA:111,3
DA:118,3
DA:120,95
DA:121,0
DA:128,0
DA:131,95
DA:132,3
DA:139,3
DA:143,98
DA:144,4
DA:151,4
DA:155,98
DA:156,95
DA:157,95
DA:158,94
DA:159,111
DA:160,93
DA:161,93
DA:165,95
DA:166,2
DA:173,2
DA:177,98
DA:183,5
DA:184,4
DA:185,1
DA:188,3
DA:194,3
DA:195,3
DA:196,11
DA:197,6
DA:199,11
DA:203,3
DA:204,6
DA:205,6
DA:207,6
DA:209,6
DA:210,9
DA:211,9
DA:212,9
DA:216,6
DA:217,1
DA:220,6
DA:223,3
DA:225,3
DA:231,5
DA:232,8
DA:233,8
DA:234,2
DA:237,6
DA:238,6
DA:239,0
DA:242,6
DA:243,6
DA:244,6
DA:245,3
DA:249,3
DA:255,5
DA:256,5
DA:258,5
DA:259,8
DA:260,7
DA:263,8
DA:266,8
DA:268,3
DA:269,3
DA:272,2
DA:284,2
DA:287,3
DA:298,3
DA:301,8
DA:302,7
DA:306,5
LF:102
LH:97
BRDA:40,0,0,0
BRDA:40,0,1,294
BRDA:49,1,0,26
BRDA:49,1,1,268
BRDA:57,2,0,50
BRDA:57,2,1,327
BRDA:67,3,0,44
BRDA:67,3,1,6
BRDA:67,4,0,50
BRDA:67,4,1,50
BRDA:84,5,0,36
BRDA:84,5,1,62
BRDA:99,6,0,2
BRDA:99,6,1,96
BRDA:110,7,0,3
BRDA:110,7,1,95
BRDA:120,8,0,0
BRDA:120,8,1,95
BRDA:131,9,0,3
BRDA:131,9,1,92
BRDA:143,10,0,4
BRDA:143,10,1,94
BRDA:143,11,0,98
BRDA:143,11,1,95
BRDA:155,12,0,95
BRDA:155,12,1,3
BRDA:159,13,0,93
BRDA:159,13,1,1
BRDA:165,14,0,2
BRDA:165,14,1,93
BRDA:184,15,0,1
BRDA:184,15,1,3
BRDA:196,16,0,6
BRDA:196,16,1,5
BRDA:205,17,0,6
BRDA:205,17,1,1
BRDA:207,18,0,2
BRDA:207,18,1,4
BRDA:211,19,0,9
BRDA:211,19,1,0
BRDA:216,20,0,1
BRDA:216,20,1,5
BRDA:233,21,0,2
BRDA:233,21,1,6
BRDA:233,22,0,8
BRDA:233,22,1,7
BRDA:238,23,0,0
BRDA:238,23,1,6
BRDA:244,24,0,3
BRDA:244,24,1,3
BRDA:259,25,0,7
BRDA:259,25,1,1
BRDA:266,26,0,3
BRDA:266,26,1,2
BRDA:266,26,2,3
BRDA:301,27,0,7
BRDA:301,27,1,1
BRDA:301,28,0,8
BRDA:301,28,1,8
BRF:59
BRH:55
end_of_record
